"../../../../___Transfuzer/Tranzfuser2/Content/FootstepSound/Sounds/WaveFiles/Footsteps_Mono/Male/Concrete/concrete_2.uasset" 0
"../../../../___Transfuzer/Tranzfuser2/Content/FootstepSound/Sounds/WaveFiles/Footsteps_Mono/Male/Concrete/concrete_3.uasset" 1
"../../../../___Transfuzer/Tranzfuser2/Content/FootstepSound/Sounds/WaveFiles/Footsteps_Mono/Male/Concrete/concrete_4.uasset" 2
"../../../../___Transfuzer/Tranzfuser2/Content/FootstepSound/Sounds/WaveFiles/Footsteps_Mono/Male/Concrete/concrete_5.uasset" 3
"../../../../___Transfuzer/Tranzfuser2/Content/FootstepSound/Sounds/WaveFiles/Footsteps_Mono/Male/Concrete/concrete_6.uasset" 4
"../../../../___Transfuzer/Tranzfuser2/Content/FootstepSound/Sounds/WaveFiles/Footsteps_Mono/Male/Grass/grass_1.uasset" 5
"../../../../___Transfuzer/Tranzfuser2/Content/FootstepSound/Sounds/WaveFiles/Footsteps_Mono/Male/Grass/grass_2.uasset" 6
"../../../../___Transfuzer/Tranzfuser2/Content/FootstepSound/Sounds/WaveFiles/Footsteps_Mono/Male/Grass/grass_3.uasset" 7
"../../../../___Transfuzer/Tranzfuser2/Content/FootstepSound/Sounds/WaveFiles/Footsteps_Mono/Male/Grass/grass_4.uasset" 8
"../../../../___Transfuzer/Tranzfuser2/Content/FootstepSound/Sounds/WaveFiles/Footsteps_Mono/Male/Grass/grass_5.uasset" 9
"../../../../___Transfuzer/Tranzfuser2/Content/FootstepSound/Sounds/WaveFiles/Footsteps_Mono/Male/Grass/grass_6.uasset" 10
"../../../../___Transfuzer/Tranzfuser2/Content/FootstepSound/Sounds/WaveFiles/Footsteps_Mono/Male/Sand/Sand_1.uasset" 11
"../../../../___Transfuzer/Tranzfuser2/Content/FootstepSound/Sounds/WaveFiles/Footsteps_Mono/Male/Sand/Sand_2.uasset" 12
"../../../../___Transfuzer/Tranzfuser2/Content/FootstepSound/Sounds/WaveFiles/Footsteps_Mono/Male/Sand/Sand_3.uasset" 13
"../../../../___Transfuzer/Tranzfuser2/Content/FootstepSound/Sounds/WaveFiles/Footsteps_Mono/Male/Sand/Sand_4.uasset" 14
"../../../../___Transfuzer/Tranzfuser2/Content/FootstepSound/Sounds/WaveFiles/Footsteps_Mono/Male/Sand/Sand_5.uasset" 15
"../../../../___Transfuzer/Tranzfuser2/Content/FootstepSound/Sounds/WaveFiles/Footsteps_Mono/Male/Sand/Sand_6.uasset" 16
"../../../../___Transfuzer/Tranzfuser2/Content/FootstepSound/Sounds/WaveFiles/Footsteps_Mono/Male/Snow/snow_1.uasset" 17
"../../../../___Transfuzer/Tranzfuser2/Content/FootstepSound/Sounds/WaveFiles/Footsteps_Mono/Male/Snow/snow_2.uasset" 18
"../../../../___Transfuzer/Tranzfuser2/Content/FootstepSound/Sounds/WaveFiles/Footsteps_Mono/Male/Snow/snow_3.uasset" 19
"../../../../___Transfuzer/Tranzfuser2/Content/FootstepSound/Sounds/WaveFiles/Footsteps_Mono/Male/Snow/snow_4.uasset" 20
"../../../../___Transfuzer/Tranzfuser2/Content/FootstepSound/Sounds/WaveFiles/Footsteps_Mono/Male/Snow/snow_5.uasset" 21
"../../../../___Transfuzer/Tranzfuser2/Content/FootstepSound/Sounds/WaveFiles/Footsteps_Mono/Male/Snow/snow_6.uasset" 22
"../../../../___Transfuzer/Tranzfuser2/Content/FootstepSound/Sounds/WaveFiles/Footsteps_Mono/Male/Water/water_1.uasset" 23
"../../../../___Transfuzer/Tranzfuser2/Content/FootstepSound/Sounds/WaveFiles/Footsteps_Mono/Male/Water/water_2.uasset" 24
"../../../../___Transfuzer/Tranzfuser2/Content/FootstepSound/Sounds/WaveFiles/Footsteps_Mono/Male/Water/water_3.uasset" 25
"../../../../___Transfuzer/Tranzfuser2/Content/FootstepSound/Sounds/WaveFiles/Footsteps_Mono/Male/Water/water_4.uasset" 26
"../../../../___Transfuzer/Tranzfuser2/Content/FootstepSound/Sounds/WaveFiles/Footsteps_Mono/Male/Water/water_5.uasset" 27
"../../../../___Transfuzer/Tranzfuser2/Content/FootstepSound/Sounds/WaveFiles/Footsteps_Mono/Male/Water/water_6.uasset" 28
"../../../../___Transfuzer/Tranzfuser2/Content/FootstepSound/Sounds/WaveFiles/Footsteps_Mono/Male/Wood/wood_1.uasset" 29
"../../../../___Transfuzer/Tranzfuser2/Content/FootstepSound/Sounds/WaveFiles/Footsteps_Mono/Male/Wood/wood_2.uasset" 30
"../../../../___Transfuzer/Tranzfuser2/Content/FootstepSound/Sounds/WaveFiles/Footsteps_Mono/Male/Wood/wood_3.uasset" 31
"../../../../___Transfuzer/Tranzfuser2/Content/FootstepSound/Sounds/WaveFiles/Footsteps_Mono/Male/Wood/wood_4.uasset" 32
"../../../../___Transfuzer/Tranzfuser2/Content/FootstepSound/Sounds/WaveFiles/Footsteps_Mono/Male/Wood/wood_5.uasset" 33
"../../../../___Transfuzer/Tranzfuser2/Content/FootstepSound/Sounds/WaveFiles/Footsteps_Mono/Male/Wood/wood_6.uasset" 34
"../../../../___Transfuzer/Tranzfuser2/Content/NewFolder/concrete_1.uasset" 35
"../../../../___Transfuzer/Tranzfuser2/Content/Samurai/kanji-removebg-preview.uasset" 36
"../../../../___Transfuzer/Tranzfuser2/Content/Samurai/Sam2-removebg-preview.uasset" 37
"../../../Engine/Content/Animation/DefaultAnimBoneCompressionSettings.uasset" 38
"../../../Engine/Content/EngineMeshes/Humanoid.uasset" 39
"../../../../___Transfuzer/Tranzfuser2/Content/InfinityBladeWarriors/Character/CompleteCharacters/SK_Mannequin_Skeleton.uasset" 40
"../../../../___Transfuzer/Tranzfuser2/Content/InfinityBladeWarriors/Animations/ThirdPerson_Jump.uasset" 41
"../../../../___Transfuzer/Tranzfuser2/Content/InfinityBladeWarriors/Animations/ThirdPersonJump_Loop.uasset" 42
"../../../../___Transfuzer/Tranzfuser2/Content/InfinityBladeWarriors/Animations/ThirdPersonJump_Start.uasset" 43
"../../../../___Transfuzer/Tranzfuser2/Content/InfinityBladeWarriors/Animations/ThirdPersonIdle.uasset" 44
"../../../../___Transfuzer/Tranzfuser2/Content/InfinityBladeWarriors/Animations/ThirdPersonRun.uasset" 45
"../../../../___Transfuzer/Tranzfuser2/Content/InfinityBladeWarriors/Animations/ThirdPersonWalk.uasset" 46
"../../../../___Transfuzer/Tranzfuser2/Content/InfinityBladeWarriors/Animations/ThirdPerson_IdleRun_2D.uasset" 47
"../../../Engine/Content/EditorBlueprintResources/StandardMacros.uasset" 48
"../../../../___Transfuzer/Tranzfuser2/Content/InfinityBladeWarriors/Animations/0_BaseAnimBP.uasset" 49
"../../../../___Transfuzer/Tranzfuser2/Content/Mannequin/Character/Mesh/UE4_Mannequin_Skeleton.uasset" 50
"../../../../___Transfuzer/Tranzfuser2/Content/FighterAnimationPack/FighterAnimations/MonkIdle_InPlace.uasset" 51
"../../../../___Transfuzer/Tranzfuser2/Content/FighterAnimationPack/FighterAnimations/MonkRunForward_InPlace.uasset" 52
"../../../../___Transfuzer/Tranzfuser2/Content/FighterAnimationPack/FighterAnimations/MonkRunForwardLeft_InPlace.uasset" 53
"../../../../___Transfuzer/Tranzfuser2/Content/FighterAnimationPack/FighterAnimations/MonkRunForwardRight_InPlace.uasset" 54
"../../../../___Transfuzer/Tranzfuser2/Content/FighterAnimationPack/FighterAnimations/MonkRunLeft_InPlace.uasset" 55
"../../../../___Transfuzer/Tranzfuser2/Content/FighterAnimationPack/FighterAnimations/MonkRunRight_InPlace.uasset" 56
"../../../../___Transfuzer/Tranzfuser2/Content/FighterAnimationPack/FighterAnimations/MonkWalkBackward_InPlace.uasset" 57
"../../../../___Transfuzer/Tranzfuser2/Content/FighterAnimationPack/FighterAnimations/MonkWalkBackwardLeft_InPlace.uasset" 58
"../../../../___Transfuzer/Tranzfuser2/Content/FighterAnimationPack/FighterAnimations/MonkWalkBackwardRight_InPlace.uasset" 59
"../../../../___Transfuzer/Tranzfuser2/Content/FighterAnimationPack/FighterAnimations/MonkWalkForwardLeft_InPlace.uasset" 60
"../../../../___Transfuzer/Tranzfuser2/Content/FighterAnimationPack/FighterAnimations/MonkWalkForwardRight_InPlace.uasset" 61
"../../../../___Transfuzer/Tranzfuser2/Content/FighterAnimationPack/FighterAnimations/MonkWalkLeft_InPlace.uasset" 62
"../../../../___Transfuzer/Tranzfuser2/Content/FighterAnimationPack/FighterAnimations/MonkWalkRight_InPlace.uasset" 63
"../../../../___Transfuzer/Tranzfuser2/Content/FighterAnimationPack/MonkBS.uasset" 64
"../../../../___Transfuzer/Tranzfuser2/Content/Mannequin/Animations/ThirdPersonIdle.uasset" 65
"../../../../___Transfuzer/Tranzfuser2/Content/Mannequin/Animations/ThirdPersonRun.uasset" 66
"../../../../___Transfuzer/Tranzfuser2/Content/Mannequin/Animations/ThirdPersonWalk.uasset" 67
"../../../../___Transfuzer/Tranzfuser2/Content/FighterAnimationPack/MonkBS1D.uasset" 68
"../../../../___Transfuzer/Tranzfuser2/Content/FighterAnimationPack/MonkBP.uasset" 69
"../../../../___Transfuzer/Tranzfuser2/Content/FighterAnimationPack/ExampleContent/Mannequin/Character/Mesh/UE4_Mannequin_Skeleton.uasset" 70
"../../../../___Transfuzer/Tranzfuser2/Content/FighterAnimationPack/FighterAnimations/Hurt/Fighter_Hitstun_air_loop.uasset" 71
"../../../../___Transfuzer/Tranzfuser2/Content/FighterAnimationPack/FighterAnimations/Hurt/KnockUp.uasset" 72
"../../../../___Transfuzer/Tranzfuser2/Content/FighterAnimationPack/MonkAnims/Fighter_GroundPound.uasset" 73
"../../../../___Transfuzer/Tranzfuser2/Content/FighterAnimationPack/MonkAnims/MonkBigGroundSlam.uasset" 74
"../../../../___Transfuzer/Tranzfuser2/Content/FighterAnimationPack/Fighter_ComboA_6.uasset" 75
"../../../../___Transfuzer/Tranzfuser2/Content/FighterAnimationPack/DamageKick.uasset" 76
"../../../../___Transfuzer/Tranzfuser2/Content/FighterAnimationPack/MonkAnims/MonkKick.uasset" 77
"../../../../___Transfuzer/Tranzfuser2/Content/FighterAnimationPack/MonkAnims/Fighter_ComboA_1.uasset" 78
"../../../../___Transfuzer/Tranzfuser2/Content/FighterAnimationPack/DamagePunchLeft.uasset" 79
"../../../../___Transfuzer/Tranzfuser2/Content/FighterAnimationPack/MonkAnims/MonkLeftPunch.uasset" 80
"../../../../___Transfuzer/Tranzfuser2/Content/FighterAnimationPack/MonkAnims/Fighter_LateralPalmStrike_charge_start.uasset" 81
"../../../../___Transfuzer/Tranzfuser2/Content/FighterAnimationPack/MonkAnims/MonkPalmCharge.uasset" 82
"../../../../___Transfuzer/Tranzfuser2/Content/FighterAnimationPack/MonkAnims/Fighter_LateralPalmStrike.uasset" 83
"../../../../___Transfuzer/Tranzfuser2/Content/FighterAnimationPack/MonkAnims/MonkPalmStrikes.uasset" 84
"../../../../___Transfuzer/Tranzfuser2/Content/FighterAnimationPack/Fighter_Taunt.uasset" 85
"../../../../___Transfuzer/Tranzfuser2/Content/FighterAnimationPack/MonkAnims/MonkPull.uasset" 86
"../../../../___Transfuzer/Tranzfuser2/Content/FighterAnimationPack/MonkAnims/Fighter_ComboA_2.uasset" 87
"../../../../___Transfuzer/Tranzfuser2/Content/FighterAnimationPack/DamagePunchRight.uasset" 88
"../../../../___Transfuzer/Tranzfuser2/Content/FighterAnimationPack/MonkAnims/MonkRightPunchOG.uasset" 89
"../../../../___Transfuzer/Tranzfuser2/Content/FighterAnimationPack/MonkAnims/Fighter_GroundPound_air_land.uasset" 90
"../../../../___Transfuzer/Tranzfuser2/Content/FighterAnimationPack/MonkAnims/Fighter_GroundPound_air_start.uasset" 91
"../../../../___Transfuzer/Tranzfuser2/Content/FighterAnimationPack/MonkAnims/Fighter_Uppercut_charge_start.uasset" 92
"../../../../___Transfuzer/Tranzfuser2/Content/FighterAnimationPack/MonkAnims/Fighter_Uppercut_rising_charge_release.uasset" 93
"../../../../___Transfuzer/Tranzfuser2/Content/FighterAnimationPack/MonkAnims/MonkUlt.uasset" 94
"../../../../___Transfuzer/Tranzfuser2/Content/FighterAnimationPack/Fighter_Hitstun_air_loop.uasset" 95
"../../../../___Transfuzer/Tranzfuser2/Content/MichaelStuff/KnockUp2.uasset" 96
"../../../Engine/Content/EditorBlueprintResources/ActorMacros.uasset" 97
"../../../Engine/Content/BasicShapes/BasicShapeMaterial.uasset" 98
"../../../Engine/Content/Functions/Engine_MaterialFunctions01/Opacity/CameraDepthFade.uasset" 99
"../../../Engine/Content/EngineMaterials/T_Default_Material_Grid_M.uasset" 100
"../../../Engine/Content/EngineMaterials/T_Default_Material_Grid_N.uasset" 101
"../../../Engine/Content/EngineMaterials/WorldGridMaterial.uasset" 102
"../../../Engine/Content/BasicShapes/Cube.uasset" 103
"../../../../___Transfuzer/Tranzfuser2/Content/FighterAnimationPack/CubeTest.uasset" 104
"../../../../___Transfuzer/Tranzfuser2/Content/FrostyStuff/Weapons/Blade/Axes/Blade_IceElemental/T_Blade_IceElemental1_D.uasset" 105
"../../../../___Transfuzer/Tranzfuser2/Content/FrostyStuff/Weapons/Blade/Axes/Blade_IceElemental/T_Blade_IceElemental1_M.uasset" 106
"../../../../___Transfuzer/Tranzfuser2/Content/FrostyStuff/Weapons/Blade/Axes/Blade_IceElemental/T_Blade_IceElemental1_N.uasset" 107
"../../../../___Transfuzer/Tranzfuser2/Content/FrostyStuff/Weapons/Blade/Axes/Blade_IceElemental/T_Blade_IceElemental2_D.uasset" 108
"../../../../___Transfuzer/Tranzfuser2/Content/FrostyStuff/Weapons/Blade/Axes/Blade_IceElemental/T_Blade_IceElemental2_M.uasset" 109
"../../../../___Transfuzer/Tranzfuser2/Content/FrostyStuff/Weapons/Blade/Axes/Blade_IceElemental/T_Blade_IceElemental2_N.uasset" 110
"../../../../___Transfuzer/Tranzfuser2/Content/FrostyStuff/Weapons/Blade/Axes/Blade_IceElemental/M_Blade_IceElemental.uasset" 111
"../../../Engine/Content/EngineMaterials/DefaultMaterial.uasset" 112
"../../../Engine/Content/BasicShapes/Cylinder.uasset" 113
"../../../../___Transfuzer/Tranzfuser2/Content/FighterAnimationPack/MonkUlt.uasset" 114
"../../../../___Transfuzer/Tranzfuser2/Content/Samurai/Oni_Samurai/Meshes/SK_Oni_Samurai_Skeleton.uasset" 115
"../../../../___Transfuzer/Tranzfuser2/Content/MichaelStuff/Katana_Blade_Idle_ver_B.uasset" 116
"../../../../___Transfuzer/Tranzfuser2/Content/MichaelStuff/Katana_Blade_Jogging_8Way_verB_B.uasset" 117
"../../../../___Transfuzer/Tranzfuser2/Content/MichaelStuff/Katana_Blade_Jogging_8Way_verB_BL45.uasset" 118
"../../../../___Transfuzer/Tranzfuser2/Content/MichaelStuff/Katana_Blade_Jogging_8Way_verB_BR45.uasset" 119
"../../../../___Transfuzer/Tranzfuser2/Content/MichaelStuff/Katana_Blade_Jogging_8Way_verB_F.uasset" 120
"../../../../___Transfuzer/Tranzfuser2/Content/MichaelStuff/Katana_Blade_Jogging_8Way_verB_FL45.uasset" 121
"../../../../___Transfuzer/Tranzfuser2/Content/MichaelStuff/Katana_Blade_Jogging_8Way_verB_FR45.uasset" 122
"../../../../___Transfuzer/Tranzfuser2/Content/MichaelStuff/Katana_Blade_Jogging_8Way_verB_L90.uasset" 123
"../../../../___Transfuzer/Tranzfuser2/Content/MichaelStuff/Katana_Blade_Jogging_8Way_verB_R90.uasset" 124
"../../../../___Transfuzer/Tranzfuser2/Content/MichaelStuff/Katana_Blade_Walk_ver_B_Back.uasset" 125
"../../../../___Transfuzer/Tranzfuser2/Content/MichaelStuff/Katana_Blade_Walk_ver_B_Back_L45.uasset" 126
"../../../../___Transfuzer/Tranzfuser2/Content/MichaelStuff/Katana_Blade_Walk_ver_B_Back_R45.uasset" 127
"../../../../___Transfuzer/Tranzfuser2/Content/MichaelStuff/Katana_Blade_Walk_ver_B_Front.uasset" 128
"../../../../___Transfuzer/Tranzfuser2/Content/MichaelStuff/Katana_Blade_Walk_ver_B_Front_L45.uasset" 129
"../../../../___Transfuzer/Tranzfuser2/Content/MichaelStuff/Katana_Blade_Walk_ver_B_Front_L90.uasset" 130
"../../../../___Transfuzer/Tranzfuser2/Content/MichaelStuff/Katana_Blade_Walk_ver_B_Front_R45.uasset" 131
"../../../../___Transfuzer/Tranzfuser2/Content/MichaelStuff/Katana_Blade_Walk_ver_B_Front_R90.uasset" 132
"../../../../___Transfuzer/Tranzfuser2/Content/Samurai/OniCharacter/NewSamuraiMovement.uasset" 133
"../../../../___Transfuzer/Tranzfuser2/Content/Effects/Rumble_Attack1.uasset" 134
"../../../../___Transfuzer/Tranzfuser2/Content/Effects/Rumble_Attack2.uasset" 135
"../../../../___Transfuzer/Tranzfuser2/Content/Samurai/OniCharacter/OniBP.uasset" 136
"../../../../___Transfuzer/Tranzfuser2/Content/MichaelStuff/Katana_Blade_Skill_E.uasset" 137
"../../../../___Transfuzer/Tranzfuser2/Content/Mannequin/Animations/ThirdPerson_Jump.uasset" 138
"../../../../___Transfuzer/Tranzfuser2/Content/Mannequin/Animations/ThirdPersonJump_Loop.uasset" 139
"../../../../___Transfuzer/Tranzfuser2/Content/Mannequin/Animations/ThirdPersonJump_Start.uasset" 140
"../../../../___Transfuzer/Tranzfuser2/Content/Mannequin/Animations/ThirdPerson_IdleRun_2D.uasset" 141
"../../../../___Transfuzer/Tranzfuser2/Content/Mannequin/Animations/ThirdPerson_AnimBP.uasset" 142
"../../../Engine/Content/Functions/Engine_MaterialFunctions02/Utility/BlendAngleCorrectedNormals.uasset" 143
"../../../Engine/Content/Functions/MaterialLayerFunctions/MatLayerBlend_NormalBlend.uasset" 144
"../../../Engine/Content/Functions/MaterialLayerFunctions/MatLayerBlend_Simple.uasset" 145
"../../../../___Transfuzer/Tranzfuser2/Content/Mannequin/Character/Materials/MaterialLayers/T_ML_Rubber_Blue_01_D.uasset" 146
"../../../../___Transfuzer/Tranzfuser2/Content/Mannequin/Character/Materials/MaterialLayers/T_ML_Rubber_Blue_01_N.uasset" 147
"../../../../___Transfuzer/Tranzfuser2/Content/Mannequin/Character/Materials/MaterialLayers/ML_GlossyBlack_Latex_UE4.uasset" 148
"../../../../___Transfuzer/Tranzfuser2/Content/Mannequin/Character/Materials/MaterialLayers/ML_Plastic_Shiny_Beige.uasset" 149
"../../../../___Transfuzer/Tranzfuser2/Content/Mannequin/Character/Textures/UE4_LOGO_CARD.uasset" 150
"../../../../___Transfuzer/Tranzfuser2/Content/Mannequin/Character/Materials/MaterialLayers/ML_Plastic_Shiny_Beige_LOGO.uasset" 151
"../../../../___Transfuzer/Tranzfuser2/Content/Mannequin/Character/Materials/MaterialLayers/T_ML_Aluminum01.uasset" 152
"../../../../___Transfuzer/Tranzfuser2/Content/Mannequin/Character/Materials/MaterialLayers/T_ML_Aluminum01_N.uasset" 153
"../../../../___Transfuzer/Tranzfuser2/Content/Mannequin/Character/Materials/MaterialLayers/ML_SoftMetal_UE4.uasset" 154
"../../../../___Transfuzer/Tranzfuser2/Content/Mannequin/Character/Textures/UE4_Mannequin__normals.uasset" 155
"../../../../___Transfuzer/Tranzfuser2/Content/Mannequin/Character/Textures/UE4_Mannequin_MAT_MASKA.uasset" 156
"../../../../___Transfuzer/Tranzfuser2/Content/Mannequin/Character/Materials/M_UE4Man_Body.uasset" 157
"../../../../___Transfuzer/Tranzfuser2/Content/Mannequin/Character/Textures/UE4Man_Logo_N.uasset" 158
"../../../../___Transfuzer/Tranzfuser2/Content/Mannequin/Character/Materials/M_UE4Man_ChestLogo.uasset" 159
"../../../../___Transfuzer/Tranzfuser2/Content/Mannequin/Character/Mesh/SK_Mannequin_PhysicsAsset.uasset" 160
"../../../../___Transfuzer/Tranzfuser2/Content/Mannequin/Character/Mesh/SK_Mannequin.uasset" 161
"../../../../___Transfuzer/Tranzfuser2/Content/ThirdPersonBP/Blueprints/HealthBar.uasset" 162
"../../../../___Transfuzer/Tranzfuser2/Content/ThirdPersonBP/Blueprints/ThirdPersonCharacter.uasset" 163
"../../../../___Transfuzer/Tranzfuser2/Content/MichaelStuff/EDamage.uasset" 164
"../../../../___Transfuzer/Tranzfuser2/Content/MichaelStuff/EInvis.uasset" 165
"../../../../___Transfuzer/Tranzfuser2/Content/MichaelStuff/EAbility.uasset" 166
"../../../../___Transfuzer/Tranzfuser2/Content/MichaelStuff/Katana_Blade_Skill_D.uasset" 167
"../../../../___Transfuzer/Tranzfuser2/Content/MichaelStuff/RSlam.uasset" 168
"../../../../___Transfuzer/Tranzfuser2/Content/MichaelStuff/RAbility.uasset" 169
"../../../../___Transfuzer/Tranzfuser2/Content/MichaelStuff/Katana_Blade_Attack_5Combo_1_Inplace.uasset" 170
"../../../../___Transfuzer/Tranzfuser2/Content/MichaelStuff/Damage.uasset" 171
"../../../../___Transfuzer/Tranzfuser2/Content/Samurai/Trail.uasset" 172
"../../../../___Transfuzer/Tranzfuser2/Content/Samurai/TrailParticle.uasset" 173
"../../../../___Transfuzer/Tranzfuser2/Content/Samurai/Oni_Attack1Best.uasset" 174
"../../../../___Transfuzer/Tranzfuser2/Content/MichaelStuff/Katana_Blade_Attack_5Combo_2_Inplace.uasset" 175
"../../../../___Transfuzer/Tranzfuser2/Content/Samurai/Oni_Attack2Mon.uasset" 176
"../../../../___Transfuzer/Tranzfuser2/Content/Samurai/Oni_Attack3.uasset" 177
"../../../../___Transfuzer/Tranzfuser2/Content/Samurai/Oni_Attack3Mon.uasset" 178
"../../../../___Transfuzer/Tranzfuser2/Content/Samurai/Oni_WSkill.uasset" 179
"../../../../___Transfuzer/Tranzfuser2/Content/Samurai/Oni_WSkillMon.uasset" 180
"../../../../___Transfuzer/Tranzfuser2/Content/Samurai/Oni_WSkillLaunch.uasset" 181
"../../../../___Transfuzer/Tranzfuser2/Content/MichaelStuff/samWDamage.uasset" 182
"../../../../___Transfuzer/Tranzfuser2/Content/Samurai/Oni_WSkillMon1.uasset" 183
"../../../../___Transfuzer/Tranzfuser2/Content/Samurai/Oni_Skill1.uasset" 184
"../../../../___Transfuzer/Tranzfuser2/Content/MichaelStuff/slashDamage.uasset" 185
"../../../../___Transfuzer/Tranzfuser2/Content/MichaelStuff/slashDamagUp.uasset" 186
"../../../../___Transfuzer/Tranzfuser2/Content/Samurai/Qskill.uasset" 187
"../../../../___Transfuzer/Tranzfuser2/Content/FrostyStuff/TestCharacter/Animations/BlockLoop_InPlace.uasset" 188
"../../../../___Transfuzer/Tranzfuser2/Content/FrostyStuff/TestCharacter/Animations/JumpFall_InPlace.uasset" 189
"../../../../___Transfuzer/Tranzfuser2/Content/FrostyStuff/TestCharacter/Animations/JumpLand_InPlace.uasset" 190
"../../../../___Transfuzer/Tranzfuser2/Content/FrostyStuff/TestCharacter/Animations/JumpStart_InPlace.uasset" 191
"../../../../___Transfuzer/Tranzfuser2/Content/FrostyStuff/TestCharacter/Animations/LeapAttack_InPlace.uasset" 192
"../../../../___Transfuzer/Tranzfuser2/Content/FrostyStuff/TestCharacter/Animations/Idle_InPlace.uasset" 193
"../../../../___Transfuzer/Tranzfuser2/Content/FrostyStuff/TestCharacter/Animations/RunForward_InPlace.uasset" 194
"../../../../___Transfuzer/Tranzfuser2/Content/FrostyStuff/TestCharacter/Animations/WalkBackward_InPlace.uasset" 195
"../../../../___Transfuzer/Tranzfuser2/Content/FrostyStuff/TestCharacter/Animations/WalkBackwardLeft_InPlace.uasset" 196
"../../../../___Transfuzer/Tranzfuser2/Content/FrostyStuff/TestCharacter/Animations/WalkBackwardRight_InPlace.uasset" 197
"../../../../___Transfuzer/Tranzfuser2/Content/FrostyStuff/TestCharacter/Animations/WalkForwardLeft_InPlace.uasset" 198
"../../../../___Transfuzer/Tranzfuser2/Content/FrostyStuff/TestCharacter/Animations/WalkForwardRight_InPlace.uasset" 199
"../../../../___Transfuzer/Tranzfuser2/Content/FrostyStuff/TestCharacter/Animations/WalkLeft_InPlace.uasset" 200
"../../../../___Transfuzer/Tranzfuser2/Content/FrostyStuff/TestCharacter/Animations/WalkRight_InPlace.uasset" 201
"../../../../___Transfuzer/Tranzfuser2/Content/FrostyStuff/TestCharacter/FrostyBlendSpace.uasset" 202
"../../../../___Transfuzer/Tranzfuser2/Content/FrostyStuff/TestCharacter/actions.uasset" 203
"../../../../___Transfuzer/Tranzfuser2/Content/FrostyStuff/Blueprints/FrostyAnimB.uasset" 204
"../../../../___Transfuzer/Tranzfuser2/Content/FrostyStuff/TestCharacter/Animations/Attack1_InPlace.uasset" 205
"../../../../___Transfuzer/Tranzfuser2/Content/FrostyStuff/TestCharacter/Animations/AA1.uasset" 206
"../../../../___Transfuzer/Tranzfuser2/Content/FrostyStuff/TestCharacter/Animations/Attack2_InPlace.uasset" 207
"../../../../___Transfuzer/Tranzfuser2/Content/FrostyStuff/TestCharacter/Animations/AA2.uasset" 208
"../../../../___Transfuzer/Tranzfuser2/Content/FrostyStuff/TestCharacter/Animations/Attack3_InPlace.uasset" 209
"../../../../___Transfuzer/Tranzfuser2/Content/FrostyStuff/TestCharacter/Animations/AA3.uasset" 210
"../../../../___Transfuzer/Tranzfuser2/Content/FrostyStuff/TestCharacter/Animations/HeavyAttack1_InPlace.uasset" 211
"../../../../___Transfuzer/Tranzfuser2/Content/FrostyStuff/TestCharacter/Animations/Ability3.uasset" 212
"../../../../___Transfuzer/Tranzfuser2/Content/FrostyStuff/TestCharacter/Animations/blockStill.uasset" 213
"../../../../___Transfuzer/Tranzfuser2/Content/FrostyStuff/TestCharacter/Animations/HeavyAttack2_InPlace.uasset" 214
"../../../../___Transfuzer/Tranzfuser2/Content/FrostyStuff/TestCharacter/Animations/heaveyslam.uasset" 215
"../../../../___Transfuzer/Tranzfuser2/Content/FrostyStuff/Weapons/Blade/Swords/Blade_DragonSword/T_Blade_DragonSword1_D.uasset" 216
"../../../../___Transfuzer/Tranzfuser2/Content/FrostyStuff/Weapons/Blade/Swords/Blade_DragonSword/T_Blade_DragonSword1_M.uasset" 217
"../../../../___Transfuzer/Tranzfuser2/Content/FrostyStuff/Weapons/Blade/Swords/Blade_DragonSword/T_Blade_DragonSword1_N.uasset" 218
"../../../../___Transfuzer/Tranzfuser2/Content/FrostyStuff/Weapons/Blade/Swords/Blade_DragonSword/T_Blade_DragonSword2_D.uasset" 219
"../../../../___Transfuzer/Tranzfuser2/Content/FrostyStuff/Weapons/Blade/Swords/Blade_DragonSword/T_Blade_DragonSword2_M.uasset" 220
"../../../../___Transfuzer/Tranzfuser2/Content/FrostyStuff/Weapons/Blade/Swords/Blade_DragonSword/T_Blade_DragonSword2_N.uasset" 221
"../../../../___Transfuzer/Tranzfuser2/Content/FrostyStuff/Weapons/Blade/Swords/Blade_DragonSword/M_Blade_DragonSword.uasset" 222
"../../../../___Transfuzer/Tranzfuser2/Content/StarterContent/Textures/T_MacroVariation.uasset" 223
"../../../../___Transfuzer/Tranzfuser2/Content/StarterContent/Textures/T_Tech_Hex_Tile_M.uasset" 224
"../../../../___Transfuzer/Tranzfuser2/Content/StarterContent/Textures/T_Tech_Hex_Tile_N.uasset" 225
"../../../../___Transfuzer/Tranzfuser2/Content/StarterContent/Materials/M_Tech_Hex_Tile_Pulse.uasset" 226
"../../../Engine/Content/BasicShapes/Sphere.uasset" 227
"../../../../___Transfuzer/Tranzfuser2/Content/FrostyStuff/Weapons/Blade/Swords/Blade_BlackWyrmBlade/T_Blade_BlackWyrmBlade1_D.uasset" 228
"../../../../___Transfuzer/Tranzfuser2/Content/FrostyStuff/Weapons/Blade/Swords/Blade_BlackWyrmBlade/T_Blade_BlackWyrmBlade1_N.uasset" 229
"../../../../___Transfuzer/Tranzfuser2/Content/FrostyStuff/Weapons/Blade/Swords/Blade_BlackWyrmBlade/T_Blade_BlackWyrmBlade2_D.uasset" 230
"../../../../___Transfuzer/Tranzfuser2/Content/FrostyStuff/Weapons/Blade/Swords/Blade_BlackWyrmBlade/T_Blade_BlackWyrmBlade2_N.uasset" 231
"../../../../___Transfuzer/Tranzfuser2/Content/FrostyStuff/Weapons/Blade/Swords/Blade_BlackWyrmBlade/M_Blade_BlackWyrmBlade.uasset" 232
"../../../../___Transfuzer/Tranzfuser2/Content/FrostyStuff/Weapons/Blade/Swords/Blade_BlackWyrmBlade/SK_Blade_BlackWyrmBlade_Skeleton.uasset" 233
"../../../../___Transfuzer/Tranzfuser2/Content/FrostyStuff/Weapons/Blade/Swords/Blade_BlackWyrmBlade/SK_Blade_BlackWyrmBlade.uasset" 234
"../../../../___Transfuzer/Tranzfuser2/Content/FrostyStuff/Weapons/Blade/Swords/Blade_DragonSword/SK_Blade_DragonSword_Skeleton.uasset" 235
"../../../../___Transfuzer/Tranzfuser2/Content/FrostyStuff/Weapons/Blade/Swords/Blade_DragonSword/SK_Blade_DragonSword.uasset" 236
"../../../../___Transfuzer/Tranzfuser2/Content/FrostyStuff/Weapons/Blade/Swords/Blade_HeroSword10/T_Blade_HeroSword101_D.uasset" 237
"../../../../___Transfuzer/Tranzfuser2/Content/FrostyStuff/Weapons/Blade/Swords/Blade_HeroSword10/T_Blade_HeroSword101_N.uasset" 238
"../../../../___Transfuzer/Tranzfuser2/Content/FrostyStuff/Weapons/Blade/Swords/Blade_HeroSword10/T_Blade_HeroSword102_D.uasset" 239
"../../../../___Transfuzer/Tranzfuser2/Content/FrostyStuff/Weapons/Blade/Swords/Blade_HeroSword10/T_Blade_HeroSword102_M.uasset" 240
"../../../../___Transfuzer/Tranzfuser2/Content/FrostyStuff/Weapons/Blade/Swords/Blade_HeroSword10/T_Blade_HeroSword102_N.uasset" 241
"../../../../___Transfuzer/Tranzfuser2/Content/FrostyStuff/Weapons/Blade/Swords/Blade_HeroSword10/M_Blade_HeroSword.uasset" 242
"../../../../___Transfuzer/Tranzfuser2/Content/FrostyStuff/Weapons/Blade/Swords/Blade_HeroSword10/SK_Blade_HeroSword10_Skeleton.uasset" 243
"../../../../___Transfuzer/Tranzfuser2/Content/FrostyStuff/Weapons/Blade/Swords/Blade_HeroSword10/SK_Blade_HeroSword10.uasset" 244
"../../../../___Transfuzer/Tranzfuser2/Content/FrostyStuff/Weapons/Dual_Blade/Dual_Blade_SwordOfStorms/T_Dual_Blade_SwordOfStorms1_D.uasset" 245
"../../../../___Transfuzer/Tranzfuser2/Content/FrostyStuff/Weapons/Dual_Blade/Dual_Blade_SwordOfStorms/T_Dual_Blade_SwordOfStorms1_M.uasset" 246
"../../../../___Transfuzer/Tranzfuser2/Content/FrostyStuff/Weapons/Dual_Blade/Dual_Blade_SwordOfStorms/T_Dual_Blade_SwordOfStorms1_N.uasset" 247
"../../../../___Transfuzer/Tranzfuser2/Content/FrostyStuff/Weapons/Dual_Blade/Dual_Blade_SwordOfStorms/T_Dual_Blade_SwordOfStorms2_D.uasset" 248
"../../../../___Transfuzer/Tranzfuser2/Content/FrostyStuff/Weapons/Dual_Blade/Dual_Blade_SwordOfStorms/T_Dual_Blade_SwordOfStorms2_N.uasset" 249
"../../../../___Transfuzer/Tranzfuser2/Content/FrostyStuff/Weapons/Dual_Blade/Dual_Blade_SwordOfStorms/M_Dual_Blade_SwordOfStorms.uasset" 250
"../../../../___Transfuzer/Tranzfuser2/Content/FrostyStuff/Weapons/Dual_Blade/Dual_Blade_SwordOfStorms/SK_Dual_Blade_SwordOfStorms_Skeleton.uasset" 251
"../../../../___Transfuzer/Tranzfuser2/Content/FrostyStuff/Weapons/Dual_Blade/Dual_Blade_SwordOfStorms/SK_Dual_Blade_SwordOfStorms.uasset" 252
"../../../../___Transfuzer/Tranzfuser2/Content/FrostyStuff/AbilityBluePrints/Ability1.uasset" 253
"../../../../___Transfuzer/Tranzfuser2/Content/FrostyStuff/Weapons/Blade/Swords/Blade_BlackKnight/T_Blade_BlackKnight_Sword1_D.uasset" 254
"../../../../___Transfuzer/Tranzfuser2/Content/FrostyStuff/Weapons/Blade/Swords/Blade_BlackKnight/T_Blade_BlackKnight_Sword1_M.uasset" 255
"../../../../___Transfuzer/Tranzfuser2/Content/FrostyStuff/Weapons/Blade/Swords/Blade_BlackKnight/T_Blade_BlackKnight_Sword1_N.uasset" 256
"../../../../___Transfuzer/Tranzfuser2/Content/FrostyStuff/Weapons/Blade/Swords/Blade_BlackKnight/T_Blade_BlackKnight_Sword2_D.uasset" 257
"../../../../___Transfuzer/Tranzfuser2/Content/FrostyStuff/Weapons/Blade/Swords/Blade_BlackKnight/T_Blade_BlackKnight_Sword2_M.uasset" 258
"../../../../___Transfuzer/Tranzfuser2/Content/FrostyStuff/Weapons/Blade/Swords/Blade_BlackKnight/T_Blade_BlackKnight_Sword2_N.uasset" 259
"../../../../___Transfuzer/Tranzfuser2/Content/FrostyStuff/Weapons/Blade/Swords/Blade_BlackKnight/M_Blade_BlackKnight.uasset" 260
"../../../../___Transfuzer/Tranzfuser2/Content/FrostyStuff/Weapons/Blade/Swords/Blade_BlackKnight/SK_Blade_BlackKnight_Skeleton.uasset" 261
"../../../../___Transfuzer/Tranzfuser2/Content/FrostyStuff/Weapons/Blade/Swords/Blade_BlackKnight/SK_Blade_BlackKnight.uasset" 262
"../../../../___Transfuzer/Tranzfuser2/Content/FrostyStuff/AbilityBluePrints/Ability2.uasset" 263
"../../../Engine/Content/Functions/Engine_MaterialFunctions01/ImageAdjustment/DeriveHDRfromLDR.uasset" 264
"../../../../___Transfuzer/Tranzfuser2/Content/FrostyStuff/Hack_And_Slash_FX/Textures/Flare/T_VFX_Flare_Chromatic.uasset" 265
"../../../../___Transfuzer/Tranzfuser2/Content/FrostyStuff/Hack_And_Slash_FX/Materials/Flare/M_VFX_Chromatic_Flare.uasset" 266
"../../../../___Transfuzer/Tranzfuser2/Content/FrostyStuff/Hack_And_Slash_FX/Textures/Glow/T_VFX_Glow_1.uasset" 267
"../../../../___Transfuzer/Tranzfuser2/Content/FrostyStuff/Hack_And_Slash_FX/Textures/Noise/T_VFX_Noise_3.uasset" 268
"../../../../___Transfuzer/Tranzfuser2/Content/FrostyStuff/Hack_And_Slash_FX/Textures/Noise/T_VFX_Noise_4.uasset" 269
"../../../../___Transfuzer/Tranzfuser2/Content/FrostyStuff/Hack_And_Slash_FX/Materials/Master/M_VFX_Slash.uasset" 270
"../../../../___Transfuzer/Tranzfuser2/Content/FrostyStuff/Hack_And_Slash_FX/Materials/Master/M_VFX_VFX_Particle.uasset" 271
"../../../../___Transfuzer/Tranzfuser2/Content/FrostyStuff/Hack_And_Slash_FX/Textures/Other/T_VFX_CyberSlash_Flare.uasset" 272
"../../../../___Transfuzer/Tranzfuser2/Content/FrostyStuff/Hack_And_Slash_FX/Materials/Flare/MI_VFX_CyberSlash_Flare.uasset" 273
"../../../../___Transfuzer/Tranzfuser2/Content/FrostyStuff/Hack_And_Slash_FX/Textures/Flare/T_VFX_Flare_2.uasset" 274
"../../../../___Transfuzer/Tranzfuser2/Content/FrostyStuff/Hack_And_Slash_FX/Materials/Flare/MI_VFX_Flare_2.uasset" 275
"../../../../___Transfuzer/Tranzfuser2/Content/FrostyStuff/Hack_And_Slash_FX/Textures/Flare/T_VFX_Flare_4.uasset" 276
"../../../../___Transfuzer/Tranzfuser2/Content/FrostyStuff/Hack_And_Slash_FX/Materials/Flare/MI_VFX_Flare_5.uasset" 277
"../../../../___Transfuzer/Tranzfuser2/Content/FrostyStuff/Hack_And_Slash_FX/Materials/Glow/MI_VFX_Glow_1.uasset" 278
"../../../../___Transfuzer/Tranzfuser2/Content/FrostyStuff/Hack_And_Slash_FX/Textures/Glow/T_VFX_Glow_2.uasset" 279
"../../../../___Transfuzer/Tranzfuser2/Content/FrostyStuff/Hack_And_Slash_FX/Materials/Glow/MI_VFX_Glow_2.uasset" 280
"../../../../___Transfuzer/Tranzfuser2/Content/FrostyStuff/Hack_And_Slash_FX/Materials/Master/M_WorldMaskEmission.uasset" 281
"../../../../___Transfuzer/Tranzfuser2/Content/FrostyStuff/Hack_And_Slash_FX/Textures/Mask/T_VFX_Vertical_Gradient_2.uasset" 282
"../../../../___Transfuzer/Tranzfuser2/Content/FrostyStuff/Hack_And_Slash_FX/Materials/Slash/Cyber/MI_VFX_Cyber_Slash_Impact_Grid.uasset" 283
"../../../../___Transfuzer/Tranzfuser2/Content/FrostyStuff/Hack_And_Slash_FX/Materials/Sparks/MI_VFX_Sparks_1.uasset" 284
"../../../../___Transfuzer/Tranzfuser2/Content/FrostyStuff/Hack_And_Slash_FX/Textures/Mask/T_VFX_Gradient_Box_2.uasset" 285
"../../../../___Transfuzer/Tranzfuser2/Content/FrostyStuff/Hack_And_Slash_FX/Materials/Sparks/MI_VFX_Sparks_3.uasset" 286
"../../../../___Transfuzer/Tranzfuser2/Content/FrostyStuff/Hack_And_Slash_FX/Textures/Other/T_VFX_Square_Edge.uasset" 287
"../../../../___Transfuzer/Tranzfuser2/Content/FrostyStuff/Hack_And_Slash_FX/Materials/Sparks/MI_VFX_Sparks_4.uasset" 288
"../../Plugins/FX/Niagara/Content/DynamicInputs/Angles/NormalizedAngleToDegrees.uasset" 289
"../../Plugins/FX/Niagara/Content/Enums/ENiagaraRandomnessMode.uasset" 290
"../../Plugins/FX/Niagara/Content/Functions/GetRandomInfo.uasset" 291
"../../Plugins/FX/Niagara/Content/Functions/RandomRangeFloat.uasset" 292
"../../Plugins/FX/Niagara/Content/DynamicInputs/UniformRange/UniformRangedFloat.uasset" 293
"../../Plugins/FX/Niagara/Content/DynamicInputs/ValueFromCurve/FloatFromCurve.uasset" 294
"../../Plugins/FX/Niagara/Content/DynamicInputs/ValueFromCurve/Vector2DFromCurve.uasset" 295
"../../Plugins/FX/Niagara/Content/Functions/Emitter/EmitterChangeState.uasset" 296
"../../Plugins/FX/Niagara/Content/Enums/ENiagara_EmitterStateOptions.uasset" 297
"../../Plugins/FX/Niagara/Content/Enums/ENiagara_InfiniteLoopDuration.uasset" 298
"../../Plugins/FX/Niagara/Content/Enums/ENiagaraEmitterLifeCycleMode.uasset" 299
"../../Plugins/FX/Niagara/Content/Enums/ENiagaraEmitterScalabilityMode_Limited.uasset" 300
"../../Plugins/FX/Niagara/Content/Enums/ENiagaraExecutionStateManagement.uasset" 301
"../../Plugins/FX/Niagara/Content/Enums/ENiagaraInactiveMode.uasset" 302
"../../Plugins/FX/Niagara/Content/Modules/Emitter/EmitterState.uasset" 303
"../../Plugins/FX/Niagara/Content/Modules/Emitter/SpawnBurst_Instantaneous.uasset" 304
"../../Plugins/FX/Niagara/Content/Functions/Localspace/SimulationPosition.uasset" 305
"../../Plugins/FX/Niagara/Content/Modules/Spawn/Initialization/InitializeParticle.uasset" 306
"../../Plugins/FX/Niagara/Content/Enums/ENiagaraScaleColorMode.uasset" 307
"../../Plugins/FX/Niagara/Content/Modules/Update/Color/ScaleColor.uasset" 308
"../../Plugins/FX/Niagara/Content/Modules/Update/Lifetime/ParticleState.uasset" 309
"../../Plugins/FX/Niagara/Content/Modules/Update/Size/ScaleSpriteSize.uasset" 310
"../../../../___Transfuzer/Tranzfuser2/Content/FrostyStuff/Hack_And_Slash_FX/VFX_Niagara/Emitters/NE_Flare.uasset" 311
"../../Plugins/FX/Niagara/Content/Functions/DirectionAndLengthSafe.uasset" 312
"../../Plugins/FX/Niagara/Content/Enums/ENiagaraCoordinateSpace.uasset" 313
"../../Plugins/FX/Niagara/Content/Functions/Localspace/TransformBase.uasset" 314
"../../Plugins/FX/Niagara/Content/Functions/Localspace/TransformVector.uasset" 315
"../../Plugins/FX/Niagara/Content/Functions/Rotation/FindQuatBetween.uasset" 316
"../../Plugins/FX/Niagara/Content/Functions/Rotation/MultiplyQuaternion.uasset" 317
"../../Plugins/FX/Niagara/Content/Functions/Rotation/AxisAngleToQuaternion.uasset" 318
"../../Plugins/FX/Niagara/Content/Modules/Solvers/ApplyRotationVector.uasset" 319
"../../Plugins/FX/Niagara/Content/Enums/ENiagaraMeshTransforms.uasset" 320
"../../Plugins/FX/Niagara/Content/Modules/Spawn/Orientation/V2/InitialMeshOrientation.uasset" 321
"../../Plugins/FX/Niagara/Content/Modules/Update/Material/DynamicMaterialParameters.uasset" 322
"../../../../___Transfuzer/Tranzfuser2/Content/FrostyStuff/Hack_And_Slash_FX/Meshes/SM_VFX_Slash_Radial_Half_2.uasset" 323
"../../../../___Transfuzer/Tranzfuser2/Content/FrostyStuff/Hack_And_Slash_FX/VFX_Niagara/Emitters/NE_Slash.uasset" 324
"../../Plugins/FX/Niagara/Content/Functions/RandomRangeInteger.uasset" 325
"../../Plugins/FX/Niagara/Content/DynamicInputs/UniformRange/UniformRangedInt.uasset" 326
"../../Plugins/FX/Niagara/Content/DynamicInputs/UniformRange/UniformRangedVector2D.uasset" 327
"../../Plugins/FX/Niagara/Content/Modules/Emitter/SpawnRate.uasset" 328
"../../Plugins/FX/Niagara/Content/Functions/RandomPointInSphere.uasset" 329
"../../Plugins/FX/Niagara/Content/Enums/ENiagaraExpansionMode.uasset" 330
"../../Plugins/FX/Niagara/Content/Enums/ENiagaraTorusDistributionMode.uasset" 331
"../../Plugins/FX/Niagara/Content/Modules/Spawn/Location/SphereLocation.uasset" 332
"../../../../___Transfuzer/Tranzfuser2/Content/FrostyStuff/Hack_And_Slash_FX/VFX_Niagara/Emitters/NE_Sparks.uasset" 333
"../../Plugins/FX/Niagara/Content/DynamicInputs/UniformRange/UniformRangedVector.uasset" 334
"../../Plugins/FX/Niagara/Content/DynamicInputs/ValueFromCurve/ColorFromCurve.uasset" 335
"../../Plugins/FX/Niagara/Content/Functions/RandomRange.uasset" 336
"../../Plugins/FX/Niagara/Content/Modules/Solvers/SolveForcesAndVelocity.uasset" 337
"../../Plugins/FX/Niagara/Content/Modules/Spawn/Location/SystemLocation.uasset" 338
"../../Plugins/FX/Niagara/Content/Modules/Spawn/Velocity/AddVelocity.uasset" 339
"../../Plugins/FX/Niagara/Content/Functions/NormalizeDistanceRange.uasset" 340
"../../Plugins/FX/Niagara/Content/Functions/DistanceBasedFalloff.uasset" 341
"../../Plugins/FX/Niagara/Content/Functions/RandomUnitVector.uasset" 342
"../../Plugins/FX/Niagara/Content/Functions/RandomVector.uasset" 343
"../../Plugins/FX/Niagara/Content/Modules/Spawn/Velocity/AddVelocityFromPoint.uasset" 344
"../../Plugins/FX/Niagara/Content/Functions/System/SystemChangeState.uasset" 345
"../../Plugins/FX/Niagara/Content/Enums/ENiagaraSystemInactiveMode.uasset" 346
"../../Plugins/FX/Niagara/Content/Modules/System/SystemState.uasset" 347
"../../Plugins/FX/Niagara/Content/Modules/Update/Color/Color.uasset" 348
"../../Plugins/FX/Niagara/Content/Modules/Update/Forces/Drag.uasset" 349
"../../Plugins/FX/Niagara/Content/Enums/ENiagaraMassByVolume.uasset" 350
"../../Plugins/FX/Niagara/Content/Modules/Update/Mass/CalculateSizeAndRotationalInertiaByMass.uasset" 351
"../../Plugins/FX/Niagara/Content/Modules/Update/Orientation/SpriteRotationRate.uasset" 352
"../../Plugins/FX/Niagara/Content/Modules/Update/Size/ScaleSpriteSizeBySpeed.uasset" 353
"../../../../___Transfuzer/Tranzfuser2/Content/FrostyStuff/Hack_And_Slash_FX/Meshes/SM_VFX_Grid_Volume.uasset" 354
"../../../../___Transfuzer/Tranzfuser2/Content/FrostyStuff/Hack_And_Slash_FX/VFX_Niagara/Impacts/NS_Cyber_Slash_Impact.uasset" 355
"../../../../___Transfuzer/Tranzfuser2/Content/FrostyStuff/Hack_And_Slash_FX/Blueprints/leap.uasset" 356
"../../../../___Transfuzer/Tranzfuser2/Content/FrostyStuff/Hack_And_Slash_FX/Textures/Noise/T_VFX_Noise_12.uasset" 357
"../../../../___Transfuzer/Tranzfuser2/Content/FrostyStuff/Hack_And_Slash_FX/Materials/Slash/Curse/M_VFX_Curse_Impact_Flare.uasset" 358
"../../../../___Transfuzer/Tranzfuser2/Content/FrostyStuff/Hack_And_Slash_FX/Textures/Flare/T_VFX_Flare_3.uasset" 359
"../../../../___Transfuzer/Tranzfuser2/Content/FrostyStuff/Hack_And_Slash_FX/Materials/Flare/MI_VFX_Flare_3.uasset" 360
"../../../../___Transfuzer/Tranzfuser2/Content/FrostyStuff/Hack_And_Slash_FX/Textures/Flare/T_VFX_Flare_7.uasset" 361
"../../../../___Transfuzer/Tranzfuser2/Content/FrostyStuff/Hack_And_Slash_FX/Materials/Flare/MI_VFX_Flare_7.uasset" 362
"../../Plugins/FX/Niagara/Content/Functions/Math/RemapValueRange.uasset" 363
"../../Plugins/FX/Niagara/Content/Functions/PolarToCartesianCoordinates.uasset" 364
"../../Plugins/FX/Niagara/Content/Functions/RandomVectorInCone.uasset" 365
"../../Plugins/FX/Niagara/Content/Functions/Rotation/MultiplyVectorWithQuaternion.uasset" 366
"../../Plugins/FX/Niagara/Content/Modules/Spawn/Velocity/AddVelocityInCone.uasset" 367
"../../../../___Transfuzer/Tranzfuser2/Content/FrostyStuff/Hack_And_Slash_FX/VFX_Niagara/Impacts/NS_Curse_Slash_Impact.uasset" 368
"../../../../___Transfuzer/Tranzfuser2/Content/FrostyStuff/Hack_And_Slash_FX/Blueprints/Slam.uasset" 369
"../../../../___Transfuzer/Tranzfuser2/Content/FrostyStuff/Hack_And_Slash_FX/Blueprints/Smack.uasset" 370
"../../../../___Transfuzer/Tranzfuser2/Content/FrostyStuff/TestCharacter/Tank.uasset" 371
"../../../../___Transfuzer/Tranzfuser2/Content/InfinityBladeWarriors/Character/CompleteCharacters/Textures_Materials/CharM_FrostGiant/T_Char_M_FrostGiant_D.uasset" 372
"../../../../___Transfuzer/Tranzfuser2/Content/InfinityBladeWarriors/Character/CompleteCharacters/Textures_Materials/CharM_FrostGiant/T_Char_M_FrostGiant_Masks.uasset" 373
"../../../../___Transfuzer/Tranzfuser2/Content/InfinityBladeWarriors/Character/CompleteCharacters/Textures_Materials/CharM_FrostGiant/T_Char_M_FrostGiant_MaterialMask.uasset" 374
"../../../../___Transfuzer/Tranzfuser2/Content/InfinityBladeWarriors/Character/CompleteCharacters/Textures_Materials/CharM_FrostGiant/T_Char_M_FrostGiant_N.uasset" 375
"../../../../___Transfuzer/Tranzfuser2/Content/InfinityBladeWarriors/Character/CompleteCharacters/Textures_Materials/CharM_FrostGiant/M_Char_FrostGiant.uasset" 376
"../../../../___Transfuzer/Tranzfuser2/Content/FrostyStuff/HammerAnimationSet/Materials/M_Hammer.uasset" 377
"../../../../___Transfuzer/Tranzfuser2/Content/FrostyStuff/HammerAnimationSet/Meshes/HammerMesh_Skeleton.uasset" 378
"../../../../___Transfuzer/Tranzfuser2/Content/FrostyStuff/HammerAnimationSet/Meshes/SK_HammerMesh_PhysicsAsset.uasset" 379
"../../../../___Transfuzer/Tranzfuser2/Content/FrostyStuff/HammerAnimationSet/Meshes/SK_HammerMesh.uasset" 380
"../../../../___Transfuzer/Tranzfuser2/Content/InfinityBladeWarriors/Character/CompleteCharacters/SK_CharM_FrostGiant.uasset" 381
"../../../../___Transfuzer/Tranzfuser2/Content/ThirdPersonBP/Blueprints/frostyHealthBar.uasset" 382
"../../../../___Transfuzer/Tranzfuser2/Content/FrostyStuff/Blueprints/ForstyTPC.uasset" 383
"../../../../___Transfuzer/Tranzfuser2/Content/Effects/FootStepA.uasset" 384
"../../../../___Transfuzer/Tranzfuser2/Content/FootstepSound/Sounds/WaveFiles/Footsteps_Mono/Male/Sound/Footsteps.uasset" 385
"../../../../___Transfuzer/Tranzfuser2/Content/Samurai/Oni_Samurai/Textures/T_Eye_AO.uasset" 386
"../../../../___Transfuzer/Tranzfuser2/Content/Samurai/Oni_Samurai/Materials/M_EyeAO.uasset" 387
"../../../../___Transfuzer/Tranzfuser2/Content/Samurai/Oni_Samurai/Textures/T_HairSheets1_CHO_A.uasset" 388
"../../../../___Transfuzer/Tranzfuser2/Content/Samurai/Oni_Samurai/Textures/T_HairSheets1_N.uasset" 389
"../../../../___Transfuzer/Tranzfuser2/Content/Samurai/Oni_Samurai/Textures/T_HairSheets1_Var.uasset" 390
"../../../../___Transfuzer/Tranzfuser2/Content/Samurai/Oni_Samurai/Materials/M_Hair.uasset" 391
"../../../../___Transfuzer/Tranzfuser2/Content/Samurai/Oni_Samurai/Textures/T_Katana_C.uasset" 392
"../../../../___Transfuzer/Tranzfuser2/Content/Samurai/Oni_Samurai/Textures/T_Katana_N.uasset" 393
"../../../../___Transfuzer/Tranzfuser2/Content/Samurai/Oni_Samurai/Textures/T_Katana_ORM.uasset" 394
"../../../../___Transfuzer/Tranzfuser2/Content/Samurai/Oni_Samurai/Materials/M_Katana.uasset" 395
"../../../../___Transfuzer/Tranzfuser2/Content/Samurai/Oni_Samurai/Textures/T_OniBody_C.uasset" 396
"../../../../___Transfuzer/Tranzfuser2/Content/Samurai/Oni_Samurai/Textures/T_OniBody_N.uasset" 397
"../../../../___Transfuzer/Tranzfuser2/Content/Samurai/Oni_Samurai/Textures/T_OniBody_ORM.uasset" 398
"../../../../___Transfuzer/Tranzfuser2/Content/Samurai/Oni_Samurai/Materials/M_OniBody.uasset" 399
"../../../../___Transfuzer/Tranzfuser2/Content/Samurai/Oni_Samurai/Textures/T_OniEyes_C.uasset" 400
"../../../../___Transfuzer/Tranzfuser2/Content/Samurai/Oni_Samurai/Textures/T_OniEyes_N.uasset" 401
"../../../../___Transfuzer/Tranzfuser2/Content/Samurai/Oni_Samurai/Materials/M_OniEyes.uasset" 402
"../../../../___Transfuzer/Tranzfuser2/Content/Samurai/Oni_Samurai/Textures/T_OniPants_C.uasset" 403
"../../../../___Transfuzer/Tranzfuser2/Content/Samurai/Oni_Samurai/Textures/T_OniPants_N.uasset" 404
"../../../../___Transfuzer/Tranzfuser2/Content/Samurai/Oni_Samurai/Textures/T_OniPants_ORM.uasset" 405
"../../../../___Transfuzer/Tranzfuser2/Content/Samurai/Oni_Samurai/Materials/M_OniPants.uasset" 406
"../../../../___Transfuzer/Tranzfuser2/Content/Samurai/Oni_Samurai/Textures/T_OniRobe_C.uasset" 407
"../../../../___Transfuzer/Tranzfuser2/Content/Samurai/Oni_Samurai/Textures/T_OniRobe_N.uasset" 408
"../../../../___Transfuzer/Tranzfuser2/Content/Samurai/Oni_Samurai/Textures/T_OniRobe_ORM.uasset" 409
"../../../../___Transfuzer/Tranzfuser2/Content/Samurai/Oni_Samurai/Materials/M_OniRobe.uasset" 410
"../../../../___Transfuzer/Tranzfuser2/Content/Samurai/Oni_Samurai/Materials/M_SwordEffect.uasset" 411
"../../../../___Transfuzer/Tranzfuser2/Content/Samurai/Oni_Samurai/Meshes/SK_Oni_Samurai_PhysicsAsset.uasset" 412
"../../../../___Transfuzer/Tranzfuser2/Content/Samurai/Oni_Samurai/Meshes/SK_Oni_Samurai.uasset" 413
"../../../../___Transfuzer/Tranzfuser2/Content/UI/AllLevels/LoadingScreen.uasset" 414
"../../../../___Transfuzer/Tranzfuser2/Content/UI/MainMenu/HostMenu.uasset" 415
"../../../../___Transfuzer/Tranzfuser2/Content/UI/MainMenu/MainMenu.uasset" 416
"../../../../___Transfuzer/Tranzfuser2/Content/Textures/Arena01.uasset" 417
"../../../../___Transfuzer/Tranzfuser2/Content/Blueprints/AllLevels/PlayerInfo.uasset" 418
"../../../../___Transfuzer/Tranzfuser2/Content/Textures/Barbarous.uasset" 419
"../../../../___Transfuzer/Tranzfuser2/Content/Blueprints/AllLevels/PlayerSaveGame.uasset" 420
"../../../../___Transfuzer/Tranzfuser2/Content/InfinityBladeWarriors/Character/CompleteCharacters/Textures_Materials/CharM_Barbarous/T_CharM_BarbarousElite_D.uasset" 421
"../../../../___Transfuzer/Tranzfuser2/Content/InfinityBladeWarriors/Character/CompleteCharacters/Textures_Materials/CharM_Forge/CharM_Forge_MetalMask.uasset" 422
"../../../../___Transfuzer/Tranzfuser2/Content/InfinityBladeWarriors/Character/CompleteCharacters/Textures_Materials/CharM_Golden/T_CharM_Golden_Mask.uasset" 423
"../../../../___Transfuzer/Tranzfuser2/Content/StarterContent/Textures/T_Brick_Clay_Old_D.uasset" 424
"../../../../___Transfuzer/Tranzfuser2/Content/StarterContent/Textures/T_Burst_M.uasset" 425
"../../../../___Transfuzer/Tranzfuser2/Content/StarterContent/Textures/T_Ceramic_Tile_M.uasset" 426
"../../../../___Transfuzer/Tranzfuser2/Content/StarterContent/Textures/T_Chair_M.uasset" 427
"../../../../___Transfuzer/Tranzfuser2/Content/StarterContent/Textures/T_Checker_Noise_M.uasset" 428
"../../../../___Transfuzer/Tranzfuser2/Content/StarterContent/Textures/T_Wood_Pine_D.uasset" 429
"../../../../___Transfuzer/Tranzfuser2/Content/UI/MainMenu/OptionsMenu.uasset" 430
"../../../../___Transfuzer/Tranzfuser2/Content/UI/MainMenu/ServerMenu.uasset" 431
"../../../../___Transfuzer/Tranzfuser2/Content/Blueprints/AllLevels/GameInfoInstance.uasset" 432
"../../../../___Transfuzer/Tranzfuser2/Content/InfinityBladeWarriors/Character/CompleteCharacters/Textures_Materials/CharM_Tusk/T_CharM_Tusk_D.uasset" 433
"../../../../___Transfuzer/Tranzfuser2/Content/InfinityBladeWarriors/Character/CompleteCharacters/Textures_Materials/CharM_Tusk/T_CharM_Tusk_E.uasset" 434
"../../../../___Transfuzer/Tranzfuser2/Content/InfinityBladeWarriors/Character/CompleteCharacters/Textures_Materials/CharM_Tusk/T_CharM_Tusk_Mask.uasset" 435
"../../../../___Transfuzer/Tranzfuser2/Content/InfinityBladeWarriors/Character/CompleteCharacters/Textures_Materials/CharM_Tusk/T_CharM_Tusk_N.uasset" 436
"../../../../___Transfuzer/Tranzfuser2/Content/InfinityBladeWarriors/Character/CompleteCharacters/Textures_Materials/CharM_Tusk/M_Char_Tusk.uasset" 437
"../../../../___Transfuzer/Tranzfuser2/Content/InfinityBladeWarriors/Character/CompleteCharacters/SK_CharM_Tusk.uasset" 438
"../../../../___Transfuzer/Tranzfuser2/Content/Blueprints/Characters/Tusk.uasset" 439
"../../../../___Transfuzer/Tranzfuser2/Content/InfinityBladeWarriors/Character/CompleteCharacters/Textures_Materials/CharM_Warrior/T_CharM_Warrior_JewelMask.uasset" 440
"../../../../___Transfuzer/Tranzfuser2/Content/InfinityBladeWarriors/Character/CompleteCharacters/Textures_Materials/CharM_Warrior/T_CharM_Warrior_N.uasset" 441
"../../../../___Transfuzer/Tranzfuser2/Content/InfinityBladeWarriors/Character/CompleteCharacters/Textures_Materials/CharM_Warrior/T_CharM_WarriorB_D.uasset" 442
"../../../../___Transfuzer/Tranzfuser2/Content/InfinityBladeWarriors/Character/CompleteCharacters/Textures_Materials/CharM_Warrior/T_CharM_WarriorB_Mask.uasset" 443
"../../../../___Transfuzer/Tranzfuser2/Content/InfinityBladeWarriors/Character/CompleteCharacters/Textures_Materials/CharM_Warrior/M_Char_Warrior_B.uasset" 444
"../../../../___Transfuzer/Tranzfuser2/Content/InfinityBladeWarriors/Character/CompleteCharacters/SK_CharM_Warrior.uasset" 445
"../../../../___Transfuzer/Tranzfuser2/Content/Blueprints/Characters/Warrior.uasset" 446
"../../../../___Transfuzer/Tranzfuser2/Content/Witch/Witch_Animation_Set/Anims/Skeleton/UE4_Mannequin_Skeleton.uasset" 447
"../../../../___Transfuzer/Tranzfuser2/Content/Witch/Witch_Animation_Set/Anims/Animation/idle3.uasset" 448
"../../../../___Transfuzer/Tranzfuser2/Content/Witch/Witch_Animation_Set/Anims/Animation/Run.uasset" 449
"../../../../___Transfuzer/Tranzfuser2/Content/Witch/Witch_Animation_Set/Anims/Animation/run_strafe_back.uasset" 450
"../../../../___Transfuzer/Tranzfuser2/Content/Witch/Witch_Animation_Set/Anims/Animation/run_strafe_left.uasset" 451
"../../../../___Transfuzer/Tranzfuser2/Content/Witch/Witch_Animation_Set/Anims/Animation/run_strafe_left135.uasset" 452
"../../../../___Transfuzer/Tranzfuser2/Content/Witch/Witch_Animation_Set/Anims/Animation/run_strafe_left45.uasset" 453
"../../../../___Transfuzer/Tranzfuser2/Content/Witch/Witch_Animation_Set/Anims/Animation/run_strafe_right.uasset" 454
"../../../../___Transfuzer/Tranzfuser2/Content/Witch/Witch_Animation_Set/Anims/Animation/run_strafe_right135.uasset" 455
"../../../../___Transfuzer/Tranzfuser2/Content/Witch/Witch_Animation_Set/Anims/Animation/run_strafe_right45.uasset" 456
"../../../../___Transfuzer/Tranzfuser2/Content/Witch/Witch_Animation_Set/Anims/Animation/walk_start.uasset" 457
"../../../../___Transfuzer/Tranzfuser2/Content/Witch/Witch_Animation_Set/Anims/Animation/walk_strafe_back.uasset" 458
"../../../../___Transfuzer/Tranzfuser2/Content/Witch/Witch_Animation_Set/Anims/Animation/walk_strafe_left.uasset" 459
"../../../../___Transfuzer/Tranzfuser2/Content/Witch/Witch_Animation_Set/Anims/Animation/walk_strafe_left135.uasset" 460
"../../../../___Transfuzer/Tranzfuser2/Content/Witch/Witch_Animation_Set/Anims/Animation/walk_strafe_left45.uasset" 461
"../../../../___Transfuzer/Tranzfuser2/Content/Witch/Witch_Animation_Set/Anims/Animation/walk_strafe_right.uasset" 462
"../../../../___Transfuzer/Tranzfuser2/Content/Witch/Witch_Animation_Set/Anims/Animation/walk_strafe_right135.uasset" 463
"../../../../___Transfuzer/Tranzfuser2/Content/Witch/Witch_Animation_Set/Anims/Animation/walk_strafe_right45.uasset" 464
"../../../../___Transfuzer/Tranzfuser2/Content/Witch/Witch_Animation_Set/Support_BS.uasset" 465
"../../../../___Transfuzer/Tranzfuser2/Content/Witch/Witch_Animation_Set/Support_Anim.uasset" 466
"../../../../___Transfuzer/Tranzfuser2/Content/Witch/Witch_Animation_Set/Anims/Animation/skill7.uasset" 467
"../../../../___Transfuzer/Tranzfuser2/Content/Witch/Witch_Animation_Set/Attack1.uasset" 468
"../../../../___Transfuzer/Tranzfuser2/Content/Witch/Witch_Animation_Set/Anims/Animation/skill14.uasset" 469
"../../../../___Transfuzer/Tranzfuser2/Content/Witch/Witch_Animation_Set/Staff_Damage.uasset" 470
"../../../../___Transfuzer/Tranzfuser2/Content/Witch/Witch_Animation_Set/Attack2.uasset" 471
"../../../../___Transfuzer/Tranzfuser2/Content/Witch/Witch_Animation_Set/Anims/Animation/skill17.uasset" 472
"../../../../___Transfuzer/Tranzfuser2/Content/Witch/Witch_Animation_Set/Attack3.uasset" 473
"../../../../___Transfuzer/Tranzfuser2/Content/Witch/Witch_Animation_Set/Anims/Animation/skill4.uasset" 474
"../../../../___Transfuzer/Tranzfuser2/Content/Witch/Witch_Animation_Set/Heal_BP.uasset" 475
"../../../../___Transfuzer/Tranzfuser2/Content/Witch/Witch_Animation_Set/Heal.uasset" 476
"../../../../___Transfuzer/Tranzfuser2/Content/Witch/Witch_Animation_Set/Anims/Animation/skill15.uasset" 477
"../../../../___Transfuzer/Tranzfuser2/Content/Witch/Witch_Animation_Set/Support1.uasset" 478
"../../../../___Transfuzer/Tranzfuser2/Content/Witch/Witch_Animation_Set/Anims/Animation/skill3.uasset" 479
"../../../../___Transfuzer/Tranzfuser2/Content/Witch/Witch_Animation_Set/Ultimate.uasset" 480
"../../../Engine/Content/Functions/MaterialLayerFunctions/MatLayerBlend_AO.uasset" 481
"../../../../___Transfuzer/Tranzfuser2/Content/Witch/Witch_Animation_Set/Materials/MaterialLayers/T_ML_Rubber_Blue_01_D.uasset" 482
"../../../../___Transfuzer/Tranzfuser2/Content/Witch/Witch_Animation_Set/Materials/MaterialLayers/T_ML_Rubber_Blue_01_N.uasset" 483
"../../../../___Transfuzer/Tranzfuser2/Content/Witch/Witch_Animation_Set/Materials/MaterialLayers/ML_GlossyBlack_Latex_UE4.uasset" 484
"../../../../___Transfuzer/Tranzfuser2/Content/Witch/Witch_Animation_Set/Materials/MaterialLayers/ML_Plastic_Shiny_Beige.uasset" 485
"../../../../___Transfuzer/Tranzfuser2/Content/Witch/Witch_Animation_Set/Materials/MaterialLayers/ML_Plastic_Shiny_Beige_LOGO.uasset" 486
"../../../../___Transfuzer/Tranzfuser2/Content/Witch/Witch_Animation_Set/Materials/MaterialLayers/T_ML_Aluminum01.uasset" 487
"../../../../___Transfuzer/Tranzfuser2/Content/Witch/Witch_Animation_Set/Materials/MaterialLayers/T_ML_Aluminum01_N.uasset" 488
"../../../../___Transfuzer/Tranzfuser2/Content/Witch/Witch_Animation_Set/Materials/MaterialLayers/ML_SoftMetal_UE4.uasset" 489
"../../../../___Transfuzer/Tranzfuser2/Content/Witch/Witch_Animation_Set/Materials/M_UE4Man_Body.uasset" 490
"../../../../___Transfuzer/Tranzfuser2/Content/Witch/Witch_Animation_Set/Materials/M_UE4Man_ChestLogo.uasset" 491
"../../../../___Transfuzer/Tranzfuser2/Content/Witch/Witch_Animation_Set/Anims/Skeleton/SK_Mannequin_PhysicsAsset.uasset" 492
"../../../../___Transfuzer/Tranzfuser2/Content/Witch/Witch_Animation_Set/Anims/Skeleton/SK_Mannequin.uasset" 493
"../../../../___Transfuzer/Tranzfuser2/Content/Witch/Witch_Animation_Set/mesh/wp_staff.uasset" 494
"../../../../___Transfuzer/Tranzfuser2/Content/Witch/Witch_Animation_Set/Staff_Clink.uasset" 495
"../../../../___Transfuzer/Tranzfuser2/Content/Witch/Witch_Animation_Set/Support_Attacks.uasset" 496
"../../../../___Transfuzer/Tranzfuser2/Content/Witch/Witch_Animation_Set/Support_Footsteps.uasset" 497
"../../../../___Transfuzer/Tranzfuser2/Content/Witch/Witch_Animation_Set/Support_BP.uasset" 498
"../../../../___Transfuzer/Tranzfuser2/Content/Textures/Arena02.uasset" 499
"../../../../___Transfuzer/Tranzfuser2/Content/UI/Lobby/PlayerButton.uasset" 500
"../../../../___Transfuzer/Tranzfuser2/Content/UI/Lobby/GamesSettings.uasset" 501
"../../../../___Transfuzer/Tranzfuser2/Content/Textures/Forge.uasset" 502
"../../../../___Transfuzer/Tranzfuser2/Content/Textures/Frosty.uasset" 503
"../../../../___Transfuzer/Tranzfuser2/Content/Textures/Natural.uasset" 504
"../../../../___Transfuzer/Tranzfuser2/Content/Textures/Pit.uasset" 505
"../../../../___Transfuzer/Tranzfuser2/Content/Textures/Robo.uasset" 506
"../../../../___Transfuzer/Tranzfuser2/Content/Textures/Tusk.uasset" 507
"../../../../___Transfuzer/Tranzfuser2/Content/Textures/Warrior.uasset" 508
"../../../../___Transfuzer/Tranzfuser2/Content/UI/Lobby/CharacterSelect.uasset" 509
"../../../../___Transfuzer/Tranzfuser2/Content/UI/Lobby/ConnectedPlayer.uasset" 510
"../../../../___Transfuzer/Tranzfuser2/Content/UI/Lobby/LobbyMenu.uasset" 511
"../../../../___Transfuzer/Tranzfuser2/Content/Blueprints/Lobby/LobbyGM.uasset" 512
"../../../../___Transfuzer/Tranzfuser2/Content/Blueprints/Lobby/LobbyPC.uasset" 513
"../../../../___Transfuzer/Tranzfuser2/Content/UI/AllLevels/ChatText.uasset" 514
"../../../../___Transfuzer/Tranzfuser2/Content/UI/AllLevels/ChatWindow.uasset" 515
"../../../../___Transfuzer/Tranzfuser2/Content/UI/AllLevels/GameplayChat.uasset" 516
"../../../../___Transfuzer/Tranzfuser2/Content/Blueprints/Gameplay/GamePlayPC.uasset" 517
"../../../../___Transfuzer/Tranzfuser2/Content/ThirdPersonBP/Maps/WhiteBoxBP/Excavator.uasset" 518
"../../../../___Transfuzer/Tranzfuser2/Content/Blueprints/Gameplay/GameplayGM.uasset" 519
"../../../../___Transfuzer/Tranzfuser2/Content/TimerFolder/timerScript1.uasset" 520
"../../../../___Transfuzer/Tranzfuser2/Content/MichaelStuff/timer-removebg-preview.uasset" 521
"../../Plugins/2D/Paper2D/Content/PlaceholderTextures/DummySpriteTexture.uasset" 522
"../../Plugins/2D/Paper2D/Content/DefaultSpriteMaterial.uasset" 523
"../../Plugins/2D/Paper2D/Content/TranslucentUnlitSpriteMaterial.uasset" 524
"../../../../___Transfuzer/Tranzfuser2/Content/Samurai/kanji-removebg-preview_Sprite.uasset" 525
"../../../../___Transfuzer/Tranzfuser2/Content/Samurai/Sam2-removebg-preview_Sprite.uasset" 526
"../../../../___Transfuzer/Tranzfuser2/Content/Samurai/SamuriaUI.uasset" 527
"../../../../___Transfuzer/Tranzfuser2/Content/Samurai/W.uasset" 528
"../../../../___Transfuzer/Tranzfuser2/Content/SmokeBuilder/Textures/T_NoiseFuzzy.uasset" 529
"../../../../___Transfuzer/Tranzfuser2/Content/SmokeBuilder/Textures/T_SmokePuff4c.uasset" 530
"../../../../___Transfuzer/Tranzfuser2/Content/SmokeBuilder/Materials/M_SmokePuff4c.uasset" 531
"../../../../___Transfuzer/Tranzfuser2/Content/SmokeBuilder/Particles/P_SmokePuff4c.uasset" 532
"../../../../___Transfuzer/Tranzfuser2/Content/ThirdPersonBP/Blueprints/SamHealthBar.uasset" 533
"../../../../___Transfuzer/Tranzfuser2/Content/Weapons_woosh/Wavs/Slash.uasset" 534
"../../../../___Transfuzer/Tranzfuser2/Content/Samurai/ThirdPersonCharacterSam.uasset" 535
"../../../../___Transfuzer/Tranzfuser2/Content/FighterAnimationPack/WaterPull.uasset" 536
"../../../../___Transfuzer/Tranzfuser2/Content/FighterAnimationPack/Asset_5.uasset" 537
"../../../../___Transfuzer/Tranzfuser2/Content/FighterAnimationPack/MonkAOEDecalMat.uasset" 538
"../../../../___Transfuzer/Tranzfuser2/Content/SmokeBuilder/DemoRoom/Materials/M_DemoWall.uasset" 539
"../../../../___Transfuzer/Tranzfuser2/Content/SmokeBuilder/DemoRoom/Materials/MI_DemoWall.uasset" 540
"../../../../___Transfuzer/Tranzfuser2/Content/SmokeBuilder/DemoRoom/Materials/MI_DemoWall3.uasset" 541
"../../../../___Transfuzer/Tranzfuser2/Content/FighterAnimationPack/MonkSamHealthBar.uasset" 542
"../../../../___Transfuzer/Tranzfuser2/Content/FootstepSound/Sounds/WaveFiles/Footsteps_Mono/Male/Sound/Footsteps_Monk.uasset" 543
"../../../../___Transfuzer/Tranzfuser2/Content/Weapons_woosh/Wavs/Monk_attack.uasset" 544
"../../../../___Transfuzer/Tranzfuser2/Content/FighterAnimationPack/ThirdPersonMonk.uasset" 545
"../../../../___Transfuzer/Tranzfuser2/Content/StarterContent/Materials/M_Basic_Wall.uasset" 546
"../../../../___Transfuzer/Tranzfuser2/Content/StarterContent/Shapes/Shape_Cylinder.uasset" 547
"../../../../___Transfuzer/Tranzfuser2/Content/FighterAnimationPack/SlamAbility.uasset" 548
"../../../../___Transfuzer/Tranzfuser2/Content/InfinityBladeWarriors/Character/CompleteCharacters/Textures_Materials/CharM_Base/T_CharM_Base_D.uasset" 549
"../../../../___Transfuzer/Tranzfuser2/Content/InfinityBladeWarriors/Character/CompleteCharacters/Textures_Materials/CharM_Base/T_CharM_Base_M.uasset" 550
"../../../../___Transfuzer/Tranzfuser2/Content/InfinityBladeWarriors/Character/CompleteCharacters/Textures_Materials/CharM_Base/T_CharM_Base_N.uasset" 551
"../../../../___Transfuzer/Tranzfuser2/Content/InfinityBladeWarriors/Character/CompleteCharacters/Textures_Materials/CharM_Base/M_CharM_Base.uasset" 552
"../../../../___Transfuzer/Tranzfuser2/Content/InfinityBladeWarriors/Character/CompleteCharacters/sk_CharM_Base.uasset" 553
"../../../../___Transfuzer/Tranzfuser2/Content/ThirdPersonBP/Blueprints/BaseHealthBar.uasset" 554
"../../../../___Transfuzer/Tranzfuser2/Content/Blueprints/Characters/0_Base.uasset" 555
"../../../../___Transfuzer/Tranzfuser2/Content/ThirdPersonBP/Blueprints/ThirdPersonGameMode.uasset" 556
"../../../../___Transfuzer/Tranzfuser2/Content/UI/MainMenu/ErrorDialog.uasset" 557
"../../../../___Transfuzer/Tranzfuser2/Content/Weapons_woosh/Wavs/Impact_02_Wav.uasset" 558
"../../../../___Transfuzer/Tranzfuser2/Content/Weapons_woosh/Wavs/Impact_03_V2_Wav.uasset" 559
"../../../../___Transfuzer/Tranzfuser2/Content/Weapons_woosh/Wavs/Impact_03_Wav.uasset" 560
"../../../../___Transfuzer/Tranzfuser2/Content/Weapons_woosh/Wavs/Impact_04_Wav.uasset" 561
"../../../../___Transfuzer/Tranzfuser2/Content/Weapons_woosh/Wavs/Impact_06_Wav.uasset" 562
"../../../../___Transfuzer/Tranzfuser2/Content/Weapons_woosh/Wavs/Impact_Sword_01_Wav.uasset" 563
"../../../../___Transfuzer/Tranzfuser2/Content/Weapons_woosh/Wavs/Impact_Sword_02_Wav.uasset" 564
"../../../../___Transfuzer/Tranzfuser2/Content/Weapons_woosh/Wavs/Weapon_Woosh_01_Wav.uasset" 565
"../../../../___Transfuzer/Tranzfuser2/Content/Weapons_woosh/Wavs/Weapon_Woosh_02_Wav.uasset" 566
"../../../../___Transfuzer/Tranzfuser2/Content/Weapons_woosh/Wavs/Weapon_Woosh_03_Wav.uasset" 567
"../../../../___Transfuzer/Tranzfuser2/Content/Weapons_woosh/Wavs/Weapon_Woosh_04_Wav.uasset" 568
"../../../../___Transfuzer/Tranzfuser2/Content/Weapons_woosh/Wavs/Weapon_Woosh_05_Wav.uasset" 569
"../../../../___Transfuzer/Tranzfuser2/Content/Weapons_woosh/Wavs/Weapon_Woosh_06_Wav.uasset" 570
"../../../../___Transfuzer/Tranzfuser2/Content/Weapons_woosh/Wavs/Weapon_Woosh_07_Wav.uasset" 571
"../../../../___Transfuzer/Tranzfuser2/Content/Weapons_woosh/Wavs/Woosh_Sword_Dagger_01_Wav.uasset" 572
"../../../../___Transfuzer/Tranzfuser2/Content/Weapons_woosh/Wavs/Woosh_Sword_Dagger_02_Wav.uasset" 573
"../../../../___Transfuzer/Tranzfuser2/Content/Weapons_woosh/Wavs/Woosh_Sword_Dagger_03_Wav.uasset" 574
"../../../../___Transfuzer/Tranzfuser2/Content/Weapons_woosh/Wavs/Woosh_Sword_Dagger_04_Wav.uasset" 575
"../../../../___Transfuzer/Tranzfuser2/Content/Weapons_woosh/Wavs/Woosh_Sword_Dagger_05_Wav.uasset" 576
"../../../../___Transfuzer/Tranzfuser2/Content/Weapons_woosh/Wavs/Woosh_Sword_Dagger_06_Wav.uasset" 577
"../../../../___Transfuzer/Tranzfuser2/Content/Weapons_woosh/Wavs/Woosh_Sword_Dagger_07_Wav.uasset" 578
"../../../Engine/Content/Animation/DefaultAnimCurveCompressionSettings.uasset" 579
"../../../Engine/Content/ArtTools/RenderToTexture/Meshes/S_1_Unit_Plane.uasset" 580
"../../../Engine/Content/EditorLandscapeResources/DataLayer.uasset" 581
"../../../Engine/Content/EditorMaterials/MAT_Groups_Toggle.uasset" 582
"../../../Engine/Content/EditorMaterials/MAT_Groups_Visibility.uasset" 583
"../../../Engine/Content/EditorMaterials/PreviewShadowIndicator.uasset" 584
"../../../Engine/Content/EditorMaterials/PreviewShadowIndicatorMaterial.uasset" 585
"../../../Engine/Content/EditorMaterials/MatineeGroups/MAT_ColorTrack.uasset" 586
"../../../Engine/Content/EditorMaterials/MatineeGroups/MAT_Groups_Anim.uasset" 587
"../../../Engine/Content/EditorMaterials/MatineeGroups/MAT_Groups_AudioMaster.uasset" 588
"../../../Engine/Content/EditorMaterials/MatineeGroups/MAT_Groups_Director.uasset" 589
"../../../Engine/Content/EditorMaterials/MatineeGroups/MAT_Groups_Event.uasset" 590
"../../../Engine/Content/EditorMaterials/MatineeGroups/MAT_Groups_Fade.uasset" 591
"../../../Engine/Content/EditorMaterials/MatineeGroups/MAT_Groups_Float.uasset" 592
"../../../Engine/Content/EditorMaterials/MatineeGroups/MAT_Groups_Move.uasset" 593
"../../../Engine/Content/EditorMaterials/MatineeGroups/MAT_Groups_Slomo.uasset" 594
"../../../Engine/Content/EditorMaterials/MatineeGroups/MAT_Groups_Sound.uasset" 595
"../../../Engine/Content/EditorMaterials/MatineeGroups/MAT_Groups_Vector.uasset" 596
"../../../Engine/Content/EditorMaterials/ParticleSystems/PSysThumbnail_NoImage.uasset" 597
"../../../Engine/Content/EditorMaterials/ParticleSystems/PSysThumbnail_OOD.uasset" 598
"../../../Engine/Content/EditorMaterials/Camera/CineMat.uasset" 599
"../../../Engine/Content/EditorMaterials/Camera/MI_CineMat_Rig.uasset" 600
"../../../Engine/Content/EditorMeshes/Camera/SM_CraneRig_Arm.uasset" 601
"../../../Engine/Content/EditorMeshes/Camera/SM_CraneRig_Base.uasset" 602
"../../../Engine/Content/EditorMeshes/Camera/SM_CraneRig_Body.uasset" 603
"../../../Engine/Content/EditorMeshes/Camera/SM_CraneRig_Mount.uasset" 604
"../../../Engine/Content/EditorMeshes/Camera/SM_RailRig_Mount.uasset" 605
"../../../Engine/Content/EditorMeshes/Camera/SM_RailRig_Track.uasset" 606
"../../../Engine/Content/EditorResources/BSPVertex.uasset" 607
"../../../Engine/Content/EditorResources/EmptyActor.uasset" 608
"../../../Engine/Content/EditorResources/S_Actor.uasset" 609
"../../../Engine/Content/EditorResources/S_Note.uasset" 610
"../../../Engine/Content/EditorResources/S_Solver.uasset" 611
"../../../Engine/Content/EditorResources/S_Trigger.uasset" 612
"../../../Engine/Content/EditorResources/AudioIcons/S_AudioComponent.uasset" 613
"../../../Engine/Content/EditorResources/LightIcons/S_LightError.uasset" 614
"../../../Engine/Content/EditorResources/SequenceRecorder/Countdown.uasset" 615
"../../../Engine/Content/EditorResources/SequenceRecorder/RecordingIndicator.uasset" 616
"../../../Engine/Content/EditorSounds/Notifications/CompileFailed.uasset" 617
"../../../Engine/Content/EditorSounds/Notifications/CompileFailed_Cue.uasset" 618
"../../../Engine/Content/EditorSounds/Notifications/CompileSuccess.uasset" 619
"../../../Engine/Content/EditorSounds/Notifications/CompileStart_Cue.uasset" 620
"../../../Engine/Content/EditorSounds/Notifications/CompileSuccess_Cue.uasset" 621
"../../../Engine/Content/EngineDamageTypes/DmgTypeBP_Environmental.uasset" 622
"../../../Engine/Content/EngineDebugMaterials/DebugEditorMaterial.uasset" 623
"../../../Engine/Content/EngineDebugMaterials/DebugMeshMaterial.uasset" 624
"../../../Engine/Content/EngineDebugMaterials/M_SimpleUnlitTranslucent.uasset" 625
"../../../Engine/Content/Functions/Engine_MaterialFunctions02/Utility/CameraDirectionVector.uasset" 626
"../../../Engine/Content/EngineDebugMaterials/VolumeToRender.uasset" 627
"../../../Engine/Content/EngineDebugMaterials/M_VolumeRenderSphereTracePP.uasset" 628
"../../../Engine/Content/EngineDebugMaterials/WireframeMaterial.uasset" 629
"../../../Engine/Content/EngineFonts/Faces/DroidSansFallback.uasset" 630
"../../../Engine/Content/EngineFonts/Faces/RobotoBold.uasset" 631
"../../../Engine/Content/EngineFonts/Faces/RobotoBoldItalic.uasset" 632
"../../../Engine/Content/EngineFonts/Faces/RobotoItalic.uasset" 633
"../../../Engine/Content/EngineFonts/Faces/RobotoLight.uasset" 634
"../../../Engine/Content/EngineFonts/Faces/RobotoRegular.uasset" 635
"../../../Engine/Content/EngineFonts/Roboto.uasset" 636
"../../../Engine/Content/EngineMaterials/BaseFlattenDiffuseMap.uasset" 637
"../../../Engine/Content/EngineMaterials/BaseFlattenEmissiveMap.uasset" 638
"../../../Engine/Content/EngineMaterials/BaseFlattenGrayscaleMap.uasset" 639
"../../../Engine/Content/EngineMaterials/BaseFlattenNormalMap.uasset" 640
"../../../Engine/Content/EngineMaterials/BaseFlattenMaterial.uasset" 641
"../../../Engine/Content/EngineMaterials/BlueNoise.uasset" 642
"../../../Engine/Content/EngineMaterials/DefaultBloomKernel.uasset" 643
"../../../Engine/Content/EngineMaterials/DefaultBokeh.uasset" 644
"../../../Engine/Content/EngineMaterials/DefaultDiffuse.uasset" 645
"../../../Engine/Content/EngineMaterials/DefaultDeferredDecalMaterial.uasset" 646
"../../../Engine/Content/EngineMaterials/DefaultLightFunctionMaterial.uasset" 647
"../../../Engine/Content/Functions/Engine_MaterialFunctions02/Utility/BreakOutFloat2Components.uasset" 648
"../../../Engine/Content/EngineMaterials/DefaultPostProcessMaterial.uasset" 649
"../../../Engine/Content/EngineFonts/RobotoDistanceField.uasset" 650
"../../../Engine/Content/EngineMaterials/DefaultTextMaterialOpaque.uasset" 651
"../../../Engine/Content/EngineMaterials/DefaultWhiteGrid.uasset" 652
"../../../Engine/Content/EngineMaterials/DefaultWhiteGrid_Low.uasset" 653
"../../../Engine/Content/EngineMaterials/EmissiveMeshMaterial.uasset" 654
"../../../Engine/Content/EngineMaterials/GizmoMaterial.uasset" 655
"../../../Engine/Content/EngineMaterials/Good64x64TilingNoiseHighFreq.uasset" 656
"../../../Engine/Content/EngineMaterials/MiniFont.uasset" 657
"../../../Engine/Content/EngineMaterials/InvalidLightmapSettings.uasset" 658
"../../../Engine/Content/EngineMaterials/M_InvalidLightmapSettings.uasset" 659
"../../../Engine/Content/Functions/Engine_MaterialFunctions02/WorldPositionOffset/CameraOffset.uasset" 660
"../../../Engine/Content/EngineMaterials/PhAT_JointLimitMaterial.uasset" 661
"../../../Engine/Content/EngineMaterials/PreintegratedSkinBRDF.uasset" 662
"../../../Engine/Content/EngineMaterials/RemoveSurfaceMaterial.uasset" 663
"../../../Engine/Content/EngineMaterials/WeightMapPlaceholderTexture.uasset" 664
"../../../Engine/Content/EngineResources/WhiteSquareTexture.uasset" 665
"../../../Engine/Content/EngineMaterials/Widget3DPassThrough.uasset" 666
"../../../Engine/Content/EngineMaterials/Widget3DPassThrough_Masked.uasset" 667
"../../../Engine/Content/EngineMaterials/Widget3DPassThrough_Opaque.uasset" 668
"../../../Engine/Content/EngineMaterials/Widget3DPassThrough_Masked_OneSided.uasset" 669
"../../../Engine/Content/EngineMaterials/Widget3DPassThrough_Opaque_OneSided.uasset" 670
"../../../Engine/Content/EngineMaterials/Widget3DPassThrough_Translucent.uasset" 671
"../../../Engine/Content/EngineMaterials/Widget3DPassThrough_Translucent_OneSided.uasset" 672
"../../../Engine/Content/EngineMeshes/Cylinder.uasset" 673
"../../../Engine/Content/EngineMeshes/Sphere.uasset" 674
"../../../Engine/Content/EngineResources/Black.uasset" 675
"../../../Engine/Content/EngineResources/DefaultTexture.uasset" 676
"../../../Engine/Content/EngineResources/DefaultTextureCube.uasset" 677
"../../../Engine/Content/EngineResources/DefaultVolumeTexture2D.uasset" 678
"../../../Engine/Content/EngineResources/DefaultVolumeTexture.uasset" 679
"../../../Engine/Content/EngineResources/GradientTexture0.uasset" 680
"../../../Engine/Content/EngineSounds/Master.uasset" 681
"../../../Engine/Content/Functions/Engine_MaterialFunctions01/Shading/ConvertFromDiffSpec.uasset" 682
"../../../Engine/Content/Functions/Engine_MaterialFunctions01/Shading/PowerToRoughness.uasset" 683
"../../../Engine/Content/Maps/Templates/Thumbnails/Default.uasset" 684
"../../../Engine/Content/Maps/Templates/Thumbnails/TimeOfDay.uasset" 685
"../../../Engine/Content/Maps/Templates/Thumbnails/VR-Basic.uasset" 686
"../../../Engine/Content/MobileResources/T_MobileControls_texture.uasset" 687
"../../../Engine/Content/MobileResources/T_MobileMenu2.uasset" 688
"../../../Engine/Content/MobileResources/HUD/AnalogHat.uasset" 689
"../../../Engine/Content/MobileResources/HUD/VirtualJoystick_Background.uasset" 690
"../../../Engine/Content/MobileResources/HUD/VirtualJoystick_Thumb.uasset" 691
"../../../Engine/Content/MobileResources/HUD/DefaultVirtualJoysticks.uasset" 692
"../../../Engine/Content/MobileResources/HUD/LeftVirtualJoystickOnly.uasset" 693
"../../../Engine/Content/MobileResources/HUD/MobileHUDButton1_off.uasset" 694
"../../../Engine/Content/MobileResources/HUD/MobileHUDButton1_on.uasset" 695
"../../../Engine/Content/MobileResources/HUD/MobileHUDButton2_off.uasset" 696
"../../../Engine/Content/MobileResources/HUD/MobileHUDButton2_on.uasset" 697
"../../../Engine/Content/MobileResources/HUD/MobileHUDButton3.uasset" 698
"../../../Engine/Content/MobileResources/HUD/MobileHUDButtonFire.uasset" 699
"../../../Engine/Content/MobileResources/HUD/MobileHUDDirectionPad.uasset" 700
"../../../Engine/Content/MobileResources/HUD/MobileHUDDirectionPad2.uasset" 701
"../../../Engine/Content/MobileResources/HUD/MobileHUDDirectionPad3.uasset" 702
"../../../Engine/Content/MobileResources/HUD/MobileHUDDirectionStick.uasset" 703
"../../../Engine/Content/MobileResources/HUD/T_Castle_ThumbstickInner.uasset" 704
"../../../Engine/Content/MobileResources/HUD/T_Castle_ThumbstickOutter.uasset" 705
"../../../Engine/Content/Tutorial/ContentIntroCurve.uasset" 706
"../../../Engine/Content/Tutorial/Basics/LevelEditorAttract.uasset" 707
"../../../Engine/Content/VREditor/LaserPointer/VR_LaserPower_01.uasset" 708
"../../../Engine/Content/VREditor/TransformGizmo/TransformGizmoMaterial.uasset" 709
"../../../Engine/Content/VREditor/TransformGizmo/TranslucentTransformGizmoMaterial.uasset" 710
"../../../Engine/Content/VREditor/TransformGizmo/BoundingBoxCorner.uasset" 711
"../../../Engine/Content/VREditor/TransformGizmo/BoundingBoxEdge.uasset" 712
"../../../Engine/Content/VREditor/TransformGizmo/PlaneTranslationHandle.uasset" 713
"../../../Engine/Content/VREditor/TransformGizmo/Main.uasset" 714
"../../../Engine/Content/VREditor/TransformGizmo/Xray.uasset" 715
"../../../Engine/Content/VREditor/TransformGizmo/SM_Sequencer_Key.uasset" 716
"../../../Engine/Content/VREditor/TransformGizmo/SM_Sequencer_Node.uasset" 717
"../../Plugins/2D/Paper2D/Content/DummySprite.uasset" 718
"../../Plugins/2D/Paper2D/Content/DefaultPaperTerrainMaterial.uasset" 719
"../../Plugins/2D/Paper2D/Content/MaskedUnlitSpriteMaterial.uasset" 720
"../../Plugins/2D/Paper2D/Content/OpaqueUnlitSpriteMaterial.uasset" 721
"../../Plugins/Experimental/ControlRig/Content/M_Manip.uasset" 722
"../../Plugins/Experimental/ControlRig/Content/Controls/ControlRigGizmoMaterial.uasset" 723
"../../Plugins/Experimental/ControlRig/Content/Controls/ControlRig_Arrow2_1mm.uasset" 724
"../../Plugins/Experimental/ControlRig/Content/Controls/ControlRig_Arrow2_3mm.uasset" 725
"../../Plugins/Experimental/ControlRig/Content/Controls/ControlRig_Arrow2_solid.uasset" 726
"../../Plugins/Experimental/ControlRig/Content/Controls/ControlRig_Arrow4_1mm.uasset" 727
"../../Plugins/Experimental/ControlRig/Content/Controls/ControlRig_Arrow4_3mm.uasset" 728
"../../Plugins/Experimental/ControlRig/Content/Controls/ControlRig_Arrow4_solid.uasset" 729
"../../Plugins/Experimental/ControlRig/Content/Controls/ControlRig_Arrow_1mm.uasset" 730
"../../Plugins/Experimental/ControlRig/Content/Controls/ControlRig_Arrow_3mm.uasset" 731
"../../Plugins/Experimental/ControlRig/Content/Controls/ControlRig_Arrow_solid.uasset" 732
"../../Plugins/Experimental/ControlRig/Content/Controls/ControlRig_Box_1mm.uasset" 733
"../../Plugins/Experimental/ControlRig/Content/Controls/ControlRig_Box_3mm.uasset" 734
"../../Plugins/Experimental/ControlRig/Content/Controls/ControlRig_Box_solid.uasset" 735
"../../Plugins/Experimental/ControlRig/Content/Controls/ControlRig_Circle_1mm.uasset" 736
"../../Plugins/Experimental/ControlRig/Content/Controls/ControlRig_Circle_3mm.uasset" 737
"../../Plugins/Experimental/ControlRig/Content/Controls/ControlRig_Circle_solid.uasset" 738
"../../Plugins/Experimental/ControlRig/Content/Controls/ControlRig_Diamond_1mm.uasset" 739
"../../Plugins/Experimental/ControlRig/Content/Controls/ControlRig_Diamond_3mm.uasset" 740
"../../Plugins/Experimental/ControlRig/Content/Controls/ControlRig_Diamond_solid.uasset" 741
"../../Plugins/Experimental/ControlRig/Content/Controls/ControlRig_HalfCircle_1mm.uasset" 742
"../../Plugins/Experimental/ControlRig/Content/Controls/ControlRig_HalfCircle_3mm.uasset" 743
"../../Plugins/Experimental/ControlRig/Content/Controls/ControlRig_HalfCircle_solid.uasset" 744
"../../Plugins/Experimental/ControlRig/Content/Controls/ControlRig_Hexagon_1mm.uasset" 745
"../../Plugins/Experimental/ControlRig/Content/Controls/ControlRig_Hexagon_3mm.uasset" 746
"../../Plugins/Experimental/ControlRig/Content/Controls/ControlRig_Hexagon_solid.uasset" 747
"../../Plugins/Experimental/ControlRig/Content/Controls/ControlRig_Octagon_1mm.uasset" 748
"../../Plugins/Experimental/ControlRig/Content/Controls/ControlRig_Octagon_3mm.uasset" 749
"../../Plugins/Experimental/ControlRig/Content/Controls/ControlRig_Octagon_solid.uasset" 750
"../../Plugins/Experimental/ControlRig/Content/Controls/ControlRig_Pyramid_1mm.uasset" 751
"../../Plugins/Experimental/ControlRig/Content/Controls/ControlRig_Pyramid_3mm.uasset" 752
"../../Plugins/Experimental/ControlRig/Content/Controls/ControlRig_Pyramid_solid.uasset" 753
"../../Plugins/Experimental/ControlRig/Content/Controls/ControlRig_QuarterCircle_1mm.uasset" 754
"../../Plugins/Experimental/ControlRig/Content/Controls/ControlRig_QuarterCircle_3mm.uasset" 755
"../../Plugins/Experimental/ControlRig/Content/Controls/ControlRig_QuarterCircle_solid.uasset" 756
"../../Plugins/Experimental/ControlRig/Content/Controls/ControlRig_RoundedSquare_1mm.uasset" 757
"../../Plugins/Experimental/ControlRig/Content/Controls/ControlRig_RoundedSquare_3mm.uasset" 758
"../../Plugins/Experimental/ControlRig/Content/Controls/ControlRig_RoundedSquare_solid.uasset" 759
"../../Plugins/Experimental/ControlRig/Content/Controls/ControlRig_RoundedTriangle_1mm.uasset" 760
"../../Plugins/Experimental/ControlRig/Content/Controls/ControlRig_RoundedTriangle_3mm.uasset" 761
"../../Plugins/Experimental/ControlRig/Content/Controls/ControlRig_RoundedTriangle_solid.uasset" 762
"../../Plugins/Experimental/ControlRig/Content/Controls/ControlRig_Sphere_1mm.uasset" 763
"../../Plugins/Experimental/ControlRig/Content/Controls/ControlRig_Sphere_3mm.uasset" 764
"../../Plugins/Experimental/ControlRig/Content/Controls/ControlRig_Sphere_solid.uasset" 765
"../../Plugins/Experimental/ControlRig/Content/Controls/ControlRig_Square_1mm.uasset" 766
"../../Plugins/Experimental/ControlRig/Content/Controls/ControlRig_Square_3mm.uasset" 767
"../../Plugins/Experimental/ControlRig/Content/Controls/ControlRig_Square_solid.uasset" 768
"../../Plugins/Experimental/ControlRig/Content/Controls/ControlRig_Star4_1mm.uasset" 769
"../../Plugins/Experimental/ControlRig/Content/Controls/ControlRig_Star4_3mm.uasset" 770
"../../Plugins/Experimental/ControlRig/Content/Controls/ControlRig_Star4_solid.uasset" 771
"../../Plugins/Experimental/ControlRig/Content/Controls/ControlRig_Triangle_1mm.uasset" 772
"../../Plugins/Experimental/ControlRig/Content/Controls/ControlRig_Triangle_3mm.uasset" 773
"../../Plugins/Experimental/ControlRig/Content/Controls/ControlRig_Triangle_solid.uasset" 774
"../../Plugins/Experimental/ControlRig/Content/Controls/ControlRig_Wedge_1mm.uasset" 775
"../../Plugins/Experimental/ControlRig/Content/Controls/ControlRig_Wedge_3mm.uasset" 776
"../../Plugins/Experimental/ControlRig/Content/Controls/ControlRig_Wedge_solid.uasset" 777
"../../Plugins/Experimental/ControlRig/Content/Controls/DefaultGizmoLibrary.uasset" 778
"../../Plugins/FX/Niagara/Content/Enums/ENiagaraBooleanLogicOps.uasset" 779
"../../Plugins/FX/Niagara/Content/Enums/ENiagaraOrientationAxis.uasset" 780
"../../Plugins/Marketplace/PowerIK/Content/Step_Height_Curve.uasset" 781
"../../Plugins/Marketplace/PowerIK/Content/Step_Speed_Curve.uasset" 782
"../../../Engine/Content/Functions/Engine_MaterialFunctions02/Utility/BreakOutFloat4Components.uasset" 783
"../../../Engine/Content/Functions/Engine_MaterialFunctions02/Utility/MakeFloat2.uasset" 784
"../../../Engine/Content/Functions/Engine_MaterialFunctions02/Utility/MakeFloat3.uasset" 785
"../../Plugins/Runtime/Oculus/OculusVR/Content/Materials/OculusMR_ChromaKey.uasset" 786
"../../Plugins/Runtime/Oculus/OculusVR/Content/Materials/OculusMR_ChromaKey_Lit.uasset" 787
"../../Plugins/Runtime/Oculus/OculusVR/Content/Materials/OculusMR_OpaqueColoredMaterial.uasset" 788
"../../Plugins/Runtime/Oculus/OculusVR/Content/Materials/OculusMR_WhiteMaterial.uasset" 789
"../../../Engine/Content/EngineSky/C_Sky_Cloud_Color.uasset" 790
"../../../Engine/Content/EngineSky/C_Sky_Horizon_Color.uasset" 791
"../../../Engine/Content/EngineSky/C_Sky_Zenith_Color.uasset" 792
"../../../Engine/Content/EngineSky/T_Sky_Blue.uasset" 793
"../../../Engine/Content/EngineSky/T_Sky_Clouds_M.uasset" 794
"../../../Engine/Content/EngineSky/T_Sky_Stars.uasset" 795
"../../../Engine/Content/EngineSky/M_Sky_Panning_Clouds2.uasset" 796
"../../../Engine/Content/EngineSky/SM_SkySphere.uasset" 797
"../../../Engine/Content/EngineSky/BP_Sky_Sphere.uasset" 798
"../../../../___Transfuzer/Tranzfuser2/Content/Maps/Arena01_BuiltData.uasset" 799
"../../../../___Transfuzer/Tranzfuser2/Content/FootstepSound/Sounds/WaveFiles/Footsteps_Mono/Male/Concrete/Stone_PMat.uasset" 800
"../../../../___Transfuzer/Tranzfuser2/Content/FootstepSound/Sounds/WaveFiles/Footsteps_Mono/Male/Concrete/M_Stone.uasset" 801
"../../../../___Transfuzer/Tranzfuser2/Content/FootstepSound/Sounds/WaveFiles/Footsteps_Mono/Male/Grass/Grass_PMat.uasset" 802
"../../../../___Transfuzer/Tranzfuser2/Content/FootstepSound/Sounds/WaveFiles/Footsteps_Mono/Male/Grass/M_Grass.uasset" 803
"../../../../___Transfuzer/Tranzfuser2/Content/FootstepSound/Sounds/WaveFiles/Footsteps_Mono/Male/Snow/Snow_PMat.uasset" 804
"../../../../___Transfuzer/Tranzfuser2/Content/FootstepSound/Sounds/WaveFiles/Footsteps_Mono/Male/Snow/Snow_Mat.uasset" 805
"../../../../___Transfuzer/Tranzfuser2/Content/FootstepSound/Sounds/WaveFiles/Footsteps_Mono/Male/Water/Water_PMat.uasset" 806
"../../../../___Transfuzer/Tranzfuser2/Content/FootstepSound/Sounds/WaveFiles/Footsteps_Mono/Male/Water/Water_Mat.uasset" 807
"../../../../___Transfuzer/Tranzfuser2/Content/FootstepSound/Sounds/WaveFiles/Footsteps_Mono/Male/Wood/Wood_PMat.uasset" 808
"../../../../___Transfuzer/Tranzfuser2/Content/FootstepSound/Sounds/WaveFiles/Footsteps_Mono/Male/Wood/Wood_Mat.uasset" 809
"../../../../___Transfuzer/Tranzfuser2/Content/Weapons_woosh/Wavs/Wall.uasset" 810
"../../../../___Transfuzer/Tranzfuser2/Content/Weapons_woosh/Wavs/M_Wall.uasset" 811
"../../../Engine/Content/BasicShapes/Plane.uasset" 812
"../../../../___Transfuzer/Tranzfuser2/Content/FootstepSound/Sounds/WaveFiles/Footsteps_Mono/Male/NewReverbEffect.uasset" 813
"../../../../___Transfuzer/Tranzfuser2/Content/Geometry/Meshes/CubeMaterial.uasset" 814
"../../../../___Transfuzer/Tranzfuser2/Content/Geometry/Meshes/1M_Cube.uasset" 815
"../../../../___Transfuzer/Tranzfuser2/Content/Geometry/Meshes/1M_Cube_Chamfer.uasset" 816
"../../../../___Transfuzer/Tranzfuser2/Content/Geometry/Meshes/TemplateFloor.uasset" 817
"../../../../___Transfuzer/Tranzfuser2/Content/ThirdPerson/Meshes/RampMaterial.uasset" 818
"../../../../___Transfuzer/Tranzfuser2/Content/ThirdPerson/Meshes/Bump_StaticMesh.uasset" 819
"../../../../___Transfuzer/Tranzfuser2/Content/ThirdPerson/Meshes/LeftArm_StaticMesh.uasset" 820
"../../../../___Transfuzer/Tranzfuser2/Content/ThirdPerson/Meshes/Linear_Stair_StaticMesh.uasset" 821
"../../../../___Transfuzer/Tranzfuser2/Content/ThirdPerson/Meshes/Ramp_StaticMesh.uasset" 822
"../../../../___Transfuzer/Tranzfuser2/Content/ThirdPerson/Meshes/RightArm_StaticMesh.uasset" 823
"../../../../___Transfuzer/Tranzfuser2/Content/Maps/Arena01.umap" 824
"../../../../___Transfuzer/Tranzfuser2/Content/Maps/Arena02_BuiltData.uasset" 825
"../../../../___Transfuzer/Tranzfuser2/Content/Maps/Arena02.umap" 826
"../../../../___Transfuzer/Tranzfuser2/Content/Maps/Lobby_BuiltData.uasset" 827
"../../../Engine/Content/MapTemplates/SM_Template_Map_Floor.uasset" 828
"../../../../___Transfuzer/Tranzfuser2/Content/Maps/Lobby.umap" 829
"../../../../___Transfuzer/Tranzfuser2/Content/Maps/MainMenu_BuiltData.uasset" 830
"../../../../___Transfuzer/Tranzfuser2/Content/Maps/MainMenu.umap" 831
"../../../../___Transfuzer/Tranzfuser2/Content/Maps/TravelMap.umap" 832
"../../../../___Transfuzer/Tranzfuser2/Content/GoodSky/Source/Data/Curve/Curve_GoodSky_Stars.uasset" 833
"../../../../___Transfuzer/Tranzfuser2/Content/GoodSky/Source/Data/Curve/Curve_GoodSky_SunLight.uasset" 834
"../../../../___Transfuzer/Tranzfuser2/Content/GoodSky/Source/Data/Curve/Curve_GoodSky_AllOverlayColor.uasset" 835
"../../../../___Transfuzer/Tranzfuser2/Content/GoodSky/Source/Data/Curve/Curve_GoodSky_BaseCloudColor.uasset" 836
"../../../../___Transfuzer/Tranzfuser2/Content/GoodSky/Source/Data/Curve/Curve_GoodSky_DomeColor.uasset" 837
"../../../../___Transfuzer/Tranzfuser2/Content/GoodSky/Source/Data/Curve/Curve_GoodSky_horizon_Color.uasset" 838
"../../../../___Transfuzer/Tranzfuser2/Content/GoodSky/Source/Data/Curve/Curve_GoodSky_SunDirection_Vector.uasset" 839
"../../../../___Transfuzer/Tranzfuser2/Content/GoodSky/Source/Data/Curve/Curve_GoodSky_SunDirection_Vector1.uasset" 840
"../../../../___Transfuzer/Tranzfuser2/Content/GoodSky/Source/Data/Structure/Structure_GoodSky.uasset" 841
"../../../../___Transfuzer/Tranzfuser2/Content/GoodSky/Source/Data/DataTable/DataTable_GoodSky.uasset" 842
"../../../../___Transfuzer/Tranzfuser2/Content/GoodSky/Source/ArrowTool/T_GoodSky_SkyRing.uasset" 843
"../../../../___Transfuzer/Tranzfuser2/Content/GoodSky/Source/ArrowTool/M_GoodSky_SkyRing_.uasset" 844
"../../../../___Transfuzer/Tranzfuser2/Content/GoodSky/Source/ArrowTool/M_GoodSky_Sun_Emissive.uasset" 845
"../../../Engine/Content/Functions/Engine_MaterialFunctions01/Gradient/LinearGradient.uasset" 846
"../../../../___Transfuzer/Tranzfuser2/Content/GoodSky/Source/Materials/Material_Function/MF_GoodSky_SkyDomeAlpha.uasset" 847
"../../../../___Transfuzer/Tranzfuser2/Content/GoodSky/Source/Textures/T_GoodSky_clouds_A.uasset" 848
"../../../../___Transfuzer/Tranzfuser2/Content/GoodSky/Source/Textures/T_GoodSky_clouds_B.uasset" 849
"../../../../___Transfuzer/Tranzfuser2/Content/GoodSky/Source/Textures/T_GoodSky_clouds_sphere.uasset" 850
"../../../../___Transfuzer/Tranzfuser2/Content/GoodSky/Source/Materials/Material_Function/MF_GoodSky_Clouds_Setting.uasset" 851
"../../../../___Transfuzer/Tranzfuser2/Content/GoodSky/Source/Materials/Material_Function/MF_GoodSky_Global_Setting.uasset" 852
"../../../../___Transfuzer/Tranzfuser2/Content/GoodSky/Source/Materials/Material_Function/MF_GoodSky_Time.uasset" 853
"../../../../___Transfuzer/Tranzfuser2/Content/GoodSky/Source/Materials/Material_Function/MF_GoodSky_Top_part_alpha.uasset" 854
"../../../../___Transfuzer/Tranzfuser2/Content/GoodSky/Source/Textures/T_GoodSky_clouds_F.uasset" 855
"../../../../___Transfuzer/Tranzfuser2/Content/GoodSky/Source/Materials/M_GoodSky_Base.uasset" 856
"../../../Engine/Content/Functions/Engine_MaterialFunctions01/Density/ExponentialDensity.uasset" 857
"../../../Engine/Content/Functions/Engine_MaterialFunctions01/Gradient/RadialGradientExponential.uasset" 858
"../../../Engine/Content/Functions/Engine_MaterialFunctions01/Texturing/ScaleUVsAroundPoint.uasset" 859
"../../../../___Transfuzer/Tranzfuser2/Content/GoodSky/Source/Textures/T_GoodSky_Moon.uasset" 860
"../../../../___Transfuzer/Tranzfuser2/Content/GoodSky/Source/Materials/Material_Function/MF_GoodSky_Moon_Setting.uasset" 861
"../../../../___Transfuzer/Tranzfuser2/Content/GoodSky/Source/Materials/M_GoodSky_Moon.uasset" 862
"../../../Engine/Content/Functions/Engine_MaterialFunctions01/Texturing/ComputeMipLevel.uasset" 863
"../../../Engine/Content/Functions/Engine_MaterialFunctions01/Texturing/TextureCropping.uasset" 864
"../../../Engine/Content/Functions/Engine_MaterialFunctions02/Utility/BreakOutFloat3Components.uasset" 865
"../../../Engine/Content/Functions/Engine_MaterialFunctions02/ExampleContent/DebugNumberStrip.uasset" 866
"../../../Engine/Content/Functions/Engine_MaterialFunctions02/ExampleContent/Textures/DebugNumberPeriod.uasset" 867
"../../../Engine/Content/Functions/Engine_MaterialFunctions02/Utility/DebugScalarValues.uasset" 868
"../../../Engine/Content/Functions/Engine_MaterialFunctions02/Utility/DebugFloat3Values.uasset" 869
"../../../Engine/Content/Functions/Engine_MaterialFunctions02/Math/RGBtoHSV.uasset" 870
"../../../../___Transfuzer/Tranzfuser2/Content/GoodSky/Source/Textures/T_GoodSky_noise_smooth.uasset" 871
"../../../../___Transfuzer/Tranzfuser2/Content/GoodSky/Source/Materials/Material_Function/MF_GoodSky_LightningFlick.uasset" 872
"../../../../___Transfuzer/Tranzfuser2/Content/GoodSky/Source/Textures/T_GoodSky_Lightning.uasset" 873
"../../../../___Transfuzer/Tranzfuser2/Content/GoodSky/Source/Materials/M_GoodSky_Storm.uasset" 874
"../../../../___Transfuzer/Tranzfuser2/Content/GoodSky/Source/Textures/T_GoodSky_Stars.uasset" 875
"../../../../___Transfuzer/Tranzfuser2/Content/GoodSky/Source/Materials/M_GoodSky_Sun_Stars.uasset" 876
"../../../../___Transfuzer/Tranzfuser2/Content/GoodSky/Source/Materials/M_GoodSky_Sun_Stars_Moon.uasset" 877
"../../../../___Transfuzer/Tranzfuser2/Content/GoodSky/Source/ArrowTool/SM_GoodSky_StarMesh.uasset" 878
"../../../../___Transfuzer/Tranzfuser2/Content/GoodSky/Source/Data/Enum/Enum_GoodSky_Clouds_Coverage.uasset" 879
"../../../../___Transfuzer/Tranzfuser2/Content/GoodSky/Source/Data/Enum/Enum_GoodSky_Effects.uasset" 880
"../../../../___Transfuzer/Tranzfuser2/Content/GoodSky/Source/Data/Enum/Enum_GoodSky_MeshType.uasset" 881
"../../../../___Transfuzer/Tranzfuser2/Content/GoodSky/Source/Data/Enum/Enum_GoodSky_Preset.uasset" 882
"../../../../___Transfuzer/Tranzfuser2/Content/GoodSky/Source/Data/Enum/Enum_GoodSky_Style_Clouds.uasset" 883
"../../../../___Transfuzer/Tranzfuser2/Content/GoodSky/Source/Mesh/SM_GoodSky_Hemisphere.uasset" 884
"../../../../___Transfuzer/Tranzfuser2/Content/GoodSky/Source/Mesh/SM_GoodSky_Sphere.uasset" 885
"../../../../___Transfuzer/Tranzfuser2/Content/GoodSky/Source/Textures/T_GoodSky_clouds_C.uasset" 886
"../../../../___Transfuzer/Tranzfuser2/Content/GoodSky/Source/Textures/T_GoodSky_clouds_D.uasset" 887
"../../../../___Transfuzer/Tranzfuser2/Content/GoodSky/Source/Textures/T_GoodSky_clouds_E.uasset" 888
"../../../../___Transfuzer/Tranzfuser2/Content/GoodSky/Blueprint/BP_GoodSky.uasset" 889
"../../../../___Transfuzer/Tranzfuser2/Content/ThirdPersonBP/Maps/WhiteBoxBP/LavaStorage.uasset" 890
"../../../../___Transfuzer/Tranzfuser2/Content/ThirdPersonBP/Maps/WhiteBoxBP/ScienceFacility.uasset" 891
"../../../Engine/Content/BasicShapes/Cone.uasset" 892
"../../../../___Transfuzer/Tranzfuser2/Content/ThirdPersonBP/Maps/WhiteBoxBP/securityRoom.uasset" 893
"../../../../___Transfuzer/Tranzfuser2/Content/ThirdPersonBP/Maps/WhiteBoxBP/spawnRoom.uasset" 894
"../../../../___Transfuzer/Tranzfuser2/Content/ThirdPersonBP/Maps/VolcanoMap_BuiltData.uasset" 895
"../../../Engine/Content/EngineMaterials/DefaultPhysicalMaterial.uasset" 896
"../../../../___Transfuzer/Tranzfuser2/Content/ThirdPersonBP/Maps/VolcanoMap.umap" 897
